#
# There is insufficient memory for the Java Runtime Environment to continue.
# Native memory allocation (mmap) failed to map 33554432 bytes for Failed to commit area from 0x0000000089e00000 to 0x000000008be00000 of length 33554432.
# Possible reasons:
#   The system is out of physical RAM or swap space
#   The process is running with CompressedOops enabled, and the Java Heap may be blocking the growth of the native heap
# Possible solutions:
#   Reduce memory load on the system
#   Increase physical memory or swap space
#   Check if swap backing store is full
#   Decrease Java heap size (-Xmx/-Xms)
#   Decrease number of Java threads
#   Decrease Java thread stack sizes (-Xss)
#   Set larger code cache with -XX:ReservedCodeCacheSize=
#   JVM is running with Unscaled Compressed Oops mode in which the Java heap is
#     placed in the first 4GB address space. The Java Heap base address is the
#     maximum limit for the native heap growth. Please use -XX:HeapBaseMinAddress
#     to set the Java Heap base and to place the Java Heap above 4GB virtual address.
# This output file may be truncated or incomplete.
#
#  Out of Memory Error (./src/hotspot/os/windows/os_windows.cpp:3301), pid=9816, tid=12464
#
# JRE version: OpenJDK Runtime Environment (11.0.11+9) (build 11.0.11+9-b60-7590822)
# Java VM: OpenJDK 64-Bit Server VM (11.0.11+9-b60-7590822, mixed mode, tiered, compressed oops, g1 gc, windows-amd64)
# No core dump will be written. Minidumps are not enabled by default on client versions of Windows
#

---------------  S U M M A R Y ------------

Command Line: --add-opens=java.base/java.util=ALL-UNNAMED --add-opens=java.base/java.lang=ALL-UNNAMED --add-opens=java.base/java.lang.invoke=ALL-UNNAMED --add-opens=java.base/java.util=ALL-UNNAMED --add-opens=java.prefs/java.util.prefs=ALL-UNNAMED --add-opens=java.prefs/java.util.prefs=ALL-UNNAMED --add-opens=java.base/java.nio.charset=ALL-UNNAMED --add-opens=java.base/java.net=ALL-UNNAMED --add-opens=java.base/java.util.concurrent.atomic=ALL-UNNAMED -Xmx2048m -Dfile.encoding=UTF-8 -Duser.country=US -Duser.language=en -Duser.variant org.gradle.launcher.daemon.bootstrap.GradleDaemon 7.2

Host: Intel(R) Core(TM) i5-8250U CPU @ 1.60GHz, 8 cores, 7G,  Windows 10 , 64 bit Build 19041 (10.0.19041.1566)
Time: Thu Mar 24 09:30:39 2022 Pakistan Standard Time elapsed time: 91.110927 seconds (0d 0h 1m 31s)

---------------  T H R E A D  ---------------

Current thread (0x00000218ad135800):  VMThread "VM Thread" [stack: 0x0000004534000000,0x0000004534100000] [id=12464]

Stack: [0x0000004534000000,0x0000004534100000]
[error occurred during error reporting (printing stack bounds), id 0xc0000005, EXCEPTION_ACCESS_VIOLATION (0xc0000005) at pc=0x00000218967a0f2d]

Native frames: (J=compiled Java code, j=interpreted, Vv=VM code, C=native code)
V  [jvm.dll+0x5f214a]
V  [jvm.dll+0x726fb5]
V  [jvm.dll+0x7285cd]
V  [jvm.dll+0x728be5]
V  [jvm.dll+0x728b9b]
V  [jvm.dll+0x5f14e8]
V  [jvm.dll+0x5f1c78]
C  [ntdll.dll+0xa20cf]
C  [ntdll.dll+0x51454]
C  [ntdll.dll+0xa0bfe]
C  0x00000218967a0f2d

VM_Operation (0x000000453c9f8930): G1CollectForAllocation, mode: safepoint, requested by thread 0x00000218b1131000


---------------  P R O C E S S  ---------------

Threads class SMR info:
_java_thread_list=0x00000218b2ee8bb0, length=146, elements={
0x0000021892ca0000, 0x00000218ad138000, 0x00000218ad139800, 0x00000218adab3800,
0x00000218adab5000, 0x00000218adab8000, 0x00000218adac1000, 0x00000218ad158800,
0x00000218ad162000, 0x00000218ad165000, 0x00000218ad164800, 0x00000218ad167800,
0x00000218ad166000, 0x00000218ad168800, 0x00000218ad167000, 0x00000218ad163000,
0x00000218ad163800, 0x00000218af077000, 0x00000218af073000, 0x00000218af071800,
0x00000218af072000, 0x00000218af078000, 0x00000218af079800, 0x00000218af078800,
0x00000218af074000, 0x00000218af07a800, 0x00000218af074800, 0x00000218af07b000,
0x00000218af075800, 0x00000218af076000, 0x00000218af07c000, 0x00000218af080000,
0x00000218af07e800, 0x00000218af07d800, 0x00000218b0a6c000, 0x00000218b0a6e800,
0x00000218b0a6d000, 0x00000218b0a6b000, 0x00000218b0a6a800, 0x00000218b0a6d800,
0x00000218b0a68800, 0x00000218b0a6f000, 0x00000218b0a69800, 0x00000218b0a73800,
0x00000218b0a71000, 0x00000218b0a74000, 0x00000218b0a70000, 0x00000218b0a75000,
0x00000218b0a72800, 0x00000218b0a76000, 0x00000218b0a76800, 0x00000218b0a71800,
0x00000218b0a77800, 0x00000218afce8000, 0x00000218afcea000, 0x00000218afceb800,
0x00000218afce9000, 0x00000218afce6800, 0x00000218afcea800, 0x00000218afced000,
0x00000218afcec800, 0x00000218afce7800, 0x00000218afcf3800, 0x00000218afcee000,
0x00000218afcef000, 0x00000218afcf0800, 0x00000218afcf4800, 0x00000218afcf5800,
0x00000218afcef800, 0x00000218afcf1000, 0x00000218afcf2000, 0x00000218afcf3000,
0x00000218b3c6a000, 0x00000218b3c6b800, 0x00000218b3c6c800, 0x00000218b3c69000,
0x00000218b3c6b000, 0x00000218b3c6d800, 0x00000218b3c67800, 0x00000218b3c6e000,
0x00000218b3c68800, 0x00000218b3c74000, 0x00000218b3c71800, 0x00000218b3c6f000,
0x00000218b3c74800, 0x00000218b3c6f800, 0x00000218b3c75800, 0x00000218b3c72000,
0x00000218b3c73000, 0x00000218b3c76800, 0x00000218b3c70800, 0x00000218b152f800,
0x00000218b152d000, 0x00000218b152b000, 0x00000218b1531000, 0x00000218b1530000,
0x00000218b152e800, 0x00000218b1532000, 0x00000218b152c000, 0x00000218b1532800,
0x00000218b1533800, 0x00000218b152d800, 0x00000218b1539000, 0x00000218b1534000,
0x00000218b153a000, 0x00000218b1535000, 0x00000218b1536000, 0x00000218b1536800,
0x00000218b1537800, 0x00000218b1538800, 0x00000218b1921800, 0x00000218b191d800,
0x00000218b191e000, 0x00000218b1920800, 0x00000218b191f000, 0x00000218b191f800,
0x00000218b191b800, 0x00000218b1922000, 0x00000218b191c800, 0x00000218b1926800,
0x00000218b1924800, 0x00000218b1925800, 0x00000218b1928000, 0x00000218b1928800,
0x00000218b1923000, 0x00000218b1929800, 0x00000218b1924000, 0x00000218b192a800,
0x00000218b1131000, 0x00000218b1134800, 0x00000218b112f800, 0x00000218b1133000,
0x00000218b112f000, 0x00000218b1135800, 0x00000218b1132000, 0x00000218b1136000,
0x00000218b1130800, 0x00000218b1138000, 0x00000218b1138800, 0x00000218b1139800,
0x00000218b1137000, 0x00000218b1133800, 0x00000218b113a000, 0x00000218b113d800,
0x00000218b113b000, 0x00000218b113c000
}

Java Threads: ( => current thread )
  0x0000021892ca0000 JavaThread "main" [_thread_blocked, id=2396, stack(0x0000004533a00000,0x0000004533b00000)]
  0x00000218ad138000 JavaThread "Reference Handler" daemon [_thread_blocked, id=2072, stack(0x0000004534100000,0x0000004534200000)]
  0x00000218ad139800 JavaThread "Finalizer" daemon [_thread_blocked, id=12376, stack(0x0000004534200000,0x0000004534300000)]
  0x00000218adab3800 JavaThread "Signal Dispatcher" daemon [_thread_blocked, id=6028, stack(0x0000004534300000,0x0000004534400000)]
  0x00000218adab5000 JavaThread "Attach Listener" daemon [_thread_blocked, id=13684, stack(0x0000004534400000,0x0000004534500000)]
  0x00000218adab8000 JavaThread "Service Thread" daemon [_thread_blocked, id=8032, stack(0x0000004534500000,0x0000004534600000)]
  0x00000218adac1000 JavaThread "C2 CompilerThread0" daemon [_thread_blocked, id=14992, stack(0x0000004534600000,0x0000004534700000)]
  0x00000218ad158800 JavaThread "C1 CompilerThread0" daemon [_thread_blocked, id=14668, stack(0x0000004534700000,0x0000004534800000)]
  0x00000218ad162000 JavaThread "Sweeper thread" daemon [_thread_blocked, id=4628, stack(0x0000004534800000,0x0000004534900000)]
  0x00000218ad165000 JavaThread "Common-Cleaner" daemon [_thread_blocked, id=4472, stack(0x0000004534900000,0x0000004534a00000)]
  0x00000218ad164800 JavaThread "Daemon health stats" [_thread_blocked, id=4640, stack(0x0000004534f00000,0x0000004535000000)]
  0x00000218ad167800 JavaThread "Incoming local TCP Connector on port 54469" [_thread_in_native, id=4220, stack(0x0000004534b00000,0x0000004534c00000)]
  0x00000218ad166000 JavaThread "Daemon periodic checks" [_thread_blocked, id=14032, stack(0x0000004534e00000,0x0000004534f00000)]
  0x00000218ad168800 JavaThread "Daemon" [_thread_blocked, id=14040, stack(0x0000004535000000,0x0000004535100000)]
  0x00000218ad167000 JavaThread "Handler for socket connection from /127.0.0.1:54469 to /127.0.0.1:54470" [_thread_in_native, id=1164, stack(0x0000004535100000,0x0000004535200000)]
  0x00000218ad163000 JavaThread "Cancel handler" [_thread_blocked, id=2324, stack(0x0000004535200000,0x0000004535300000)]
  0x00000218ad163800 JavaThread "Daemon worker" [_thread_blocked, id=13176, stack(0x0000004535300000,0x0000004535400000)]
  0x00000218af077000 JavaThread "Asynchronous log dispatcher for DefaultDaemonConnection: socket connection from /127.0.0.1:54469 to /127.0.0.1:54470" [_thread_blocked, id=13780, stack(0x0000004535400000,0x0000004535500000)]
  0x00000218af073000 JavaThread "Stdin handler" [_thread_blocked, id=4888, stack(0x0000004535500000,0x0000004535600000)]
  0x00000218af071800 JavaThread "Daemon client event forwarder" [_thread_blocked, id=13556, stack(0x0000004535600000,0x0000004535700000)]
  0x00000218af072000 JavaThread "Cache worker for journal cache (C:\Users\SWishHy\.gradle\caches\journal-1)" [_thread_blocked, id=5072, stack(0x0000004535c00000,0x0000004535d00000)]
  0x00000218af078000 JavaThread "File lock request listener" [_thread_in_native, id=13412, stack(0x0000004535d00000,0x0000004535e00000)]
  0x00000218af079800 JavaThread "Cache worker for file hash cache (C:\Users\SWishHy\.gradle\caches\7.2\fileHashes)" [_thread_blocked, id=3352, stack(0x0000004535e00000,0x0000004535f00000)]
  0x00000218af078800 JavaThread "Cache worker for file hash cache (C:\Users\SWishHy\AndroidStudioProjects\recyclerView\.gradle\7.2\fileHashes)" [_thread_blocked, id=2732, stack(0x0000004536100000,0x0000004536200000)]
  0x00000218af074000 JavaThread "File watcher server" daemon [_thread_blocked, id=11312, stack(0x0000004536200000,0x0000004536300000)]
  0x00000218af07a800 JavaThread "File watcher consumer" daemon [_thread_blocked, id=1176, stack(0x0000004536300000,0x0000004536400000)]
  0x00000218af074800 JavaThread "Cache worker for checksums cache (C:\Users\SWishHy\AndroidStudioProjects\recyclerView\.gradle\checksums)" [_thread_blocked, id=11408, stack(0x0000004536400000,0x0000004536500000)]
  0x00000218af07b000 JavaThread "Cache worker for cache directory md-supplier (C:\Users\SWishHy\.gradle\caches\7.2\md-supplier)" [_thread_blocked, id=15352, stack(0x0000004536500000,0x0000004536600000)]
  0x00000218af075800 JavaThread "Cache worker for cache directory md-rule (C:\Users\SWishHy\.gradle\caches\7.2\md-rule)" [_thread_blocked, id=7648, stack(0x0000004536600000,0x0000004536700000)]
  0x00000218af076000 JavaThread "Cache worker for execution history cache (C:\Users\SWishHy\.gradle\caches\7.2\executionHistory)" [_thread_blocked, id=1740, stack(0x0000004536700000,0x0000004536800000)]
  0x00000218af07c000 JavaThread "jar transforms" [_thread_blocked, id=15152, stack(0x0000004536800000,0x0000004536900000)]
  0x00000218af080000 JavaThread "Cache worker for file content cache (C:\Users\SWishHy\.gradle\caches\7.2\fileContent)" [_thread_blocked, id=2704, stack(0x0000004536900000,0x0000004536a00000)]
  0x00000218af07e800 JavaThread "jar transforms Thread 2" [_thread_blocked, id=11292, stack(0x0000004536a00000,0x0000004536b00000)]
  0x00000218af07d800 JavaThread "Cache worker for dependencies-accessors (C:\Users\SWishHy\AndroidStudioProjects\recyclerView\.gradle\7.2\dependencies-accessors)" [_thread_blocked, id=11980, stack(0x0000004536b00000,0x0000004536c00000)]
  0x00000218b0a6c000 JavaThread "jar transforms Thread 3" [_thread_blocked, id=5848, stack(0x0000004536c00000,0x0000004536d00000)]
  0x00000218b0a6e800 JavaThread "Cache worker for Build Output Cleanup Cache (C:\Users\SWishHy\AndroidStudioProjects\recyclerView\.gradle\buildOutputCleanup)" [_thread_blocked, id=14716, stack(0x0000004536d00000,0x0000004536e00000)]
  0x00000218b0a6d000 JavaThread "Unconstrained build operations" [_thread_blocked, id=9648, stack(0x0000004536e00000,0x0000004536f00000)]
  0x00000218b0a6b000 JavaThread "Unconstrained build operations Thread 2" [_thread_blocked, id=7556, stack(0x0000004536f00000,0x0000004537000000)]
  0x00000218b0a6a800 JavaThread "Unconstrained build operations Thread 3" [_thread_blocked, id=9260, stack(0x0000004537000000,0x0000004537100000)]
  0x00000218b0a6d800 JavaThread "Unconstrained build operations Thread 4" [_thread_blocked, id=13128, stack(0x0000004537100000,0x0000004537200000)]
  0x00000218b0a68800 JavaThread "Unconstrained build operations Thread 5" [_thread_blocked, id=2476, stack(0x0000004537200000,0x0000004537300000)]
  0x00000218b0a6f000 JavaThread "Unconstrained build operations Thread 6" [_thread_blocked, id=10524, stack(0x0000004537300000,0x0000004537400000)]
  0x00000218b0a69800 JavaThread "Unconstrained build operations Thread 7" [_thread_blocked, id=10808, stack(0x0000004537400000,0x0000004537500000)]
  0x00000218b0a73800 JavaThread "Unconstrained build operations Thread 8" [_thread_blocked, id=8688, stack(0x0000004537500000,0x0000004537600000)]
  0x00000218b0a71000 JavaThread "Unconstrained build operations Thread 9" [_thread_blocked, id=11416, stack(0x0000004537600000,0x0000004537700000)]
  0x00000218b0a74000 JavaThread "Unconstrained build operations Thread 10" [_thread_blocked, id=14692, stack(0x0000004537700000,0x0000004537800000)]
  0x00000218b0a70000 JavaThread "Unconstrained build operations Thread 11" [_thread_blocked, id=2768, stack(0x0000004537800000,0x0000004537900000)]
  0x00000218b0a75000 JavaThread "Unconstrained build operations Thread 12" [_thread_blocked, id=11508, stack(0x0000004537900000,0x0000004537a00000)]
  0x00000218b0a72800 JavaThread "Unconstrained build operations Thread 13" [_thread_blocked, id=4392, stack(0x0000004537a00000,0x0000004537b00000)]
  0x00000218b0a76000 JavaThread "Unconstrained build operations Thread 14" [_thread_blocked, id=788, stack(0x0000004537b00000,0x0000004537c00000)]
  0x00000218b0a76800 JavaThread "Unconstrained build operations Thread 15" [_thread_blocked, id=13236, stack(0x0000004537c00000,0x0000004537d00000)]
  0x00000218b0a71800 JavaThread "Unconstrained build operations Thread 16" [_thread_blocked, id=6324, stack(0x0000004537d00000,0x0000004537e00000)]
  0x00000218b0a77800 JavaThread "Unconstrained build operations Thread 17" [_thread_blocked, id=12916, stack(0x0000004537e00000,0x0000004537f00000)]
  0x00000218afce8000 JavaThread "Unconstrained build operations Thread 18" [_thread_blocked, id=14472, stack(0x0000004537f00000,0x0000004538000000)]
  0x00000218afcea000 JavaThread "Unconstrained build operations Thread 19" [_thread_blocked, id=13640, stack(0x0000004538000000,0x0000004538100000)]
  0x00000218afceb800 JavaThread "Unconstrained build operations Thread 20" [_thread_blocked, id=5260, stack(0x0000004538100000,0x0000004538200000)]
  0x00000218afce9000 JavaThread "Unconstrained build operations Thread 21" [_thread_blocked, id=13424, stack(0x0000004538200000,0x0000004538300000)]
  0x00000218afce6800 JavaThread "Unconstrained build operations Thread 22" [_thread_blocked, id=14756, stack(0x0000004538300000,0x0000004538400000)]
  0x00000218afcea800 JavaThread "Unconstrained build operations Thread 23" [_thread_blocked, id=14276, stack(0x0000004538400000,0x0000004538500000)]
  0x00000218afced000 JavaThread "Unconstrained build operations Thread 24" [_thread_blocked, id=13656, stack(0x0000004538500000,0x0000004538600000)]
  0x00000218afcec800 JavaThread "Unconstrained build operations Thread 25" [_thread_blocked, id=7780, stack(0x0000004538600000,0x0000004538700000)]
  0x00000218afce7800 JavaThread "Unconstrained build operations Thread 26" [_thread_blocked, id=3812, stack(0x0000004538700000,0x0000004538800000)]
  0x00000218afcf3800 JavaThread "Unconstrained build operations Thread 27" [_thread_blocked, id=8264, stack(0x0000004538800000,0x0000004538900000)]
  0x00000218afcee000 JavaThread "Unconstrained build operations Thread 28" [_thread_blocked, id=9088, stack(0x0000004538900000,0x0000004538a00000)]
  0x00000218afcef000 JavaThread "Unconstrained build operations Thread 29" [_thread_blocked, id=2952, stack(0x0000004538a00000,0x0000004538b00000)]
  0x00000218afcf0800 JavaThread "Unconstrained build operations Thread 30" [_thread_blocked, id=10380, stack(0x0000004538b00000,0x0000004538c00000)]
  0x00000218afcf4800 JavaThread "Unconstrained build operations Thread 31" [_thread_blocked, id=10300, stack(0x0000004538c00000,0x0000004538d00000)]
  0x00000218afcf5800 JavaThread "Unconstrained build operations Thread 32" [_thread_blocked, id=10184, stack(0x0000004538d00000,0x0000004538e00000)]
  0x00000218afcef800 JavaThread "Unconstrained build operations Thread 33" [_thread_blocked, id=10908, stack(0x0000004538e00000,0x0000004538f00000)]
  0x00000218afcf1000 JavaThread "Unconstrained build operations Thread 34" [_thread_blocked, id=11008, stack(0x0000004538f00000,0x0000004539000000)]
  0x00000218afcf2000 JavaThread "Unconstrained build operations Thread 35" [_thread_blocked, id=2808, stack(0x0000004539000000,0x0000004539100000)]
  0x00000218afcf3000 JavaThread "Unconstrained build operations Thread 36" [_thread_blocked, id=10032, stack(0x0000004539100000,0x0000004539200000)]
  0x00000218b3c6a000 JavaThread "Unconstrained build operations Thread 37" [_thread_blocked, id=2948, stack(0x0000004539200000,0x0000004539300000)]
  0x00000218b3c6b800 JavaThread "Unconstrained build operations Thread 38" [_thread_blocked, id=14340, stack(0x0000004539300000,0x0000004539400000)]
  0x00000218b3c6c800 JavaThread "Unconstrained build operations Thread 39" [_thread_blocked, id=12404, stack(0x0000004539400000,0x0000004539500000)]
  0x00000218b3c69000 JavaThread "Unconstrained build operations Thread 40" [_thread_blocked, id=8152, stack(0x0000004539500000,0x0000004539600000)]
  0x00000218b3c6b000 JavaThread "Unconstrained build operations Thread 41" [_thread_blocked, id=5860, stack(0x0000004539600000,0x0000004539700000)]
  0x00000218b3c6d800 JavaThread "Unconstrained build operations Thread 42" [_thread_blocked, id=14052, stack(0x0000004539700000,0x0000004539800000)]
  0x00000218b3c67800 JavaThread "Unconstrained build operations Thread 43" [_thread_blocked, id=13784, stack(0x0000004539800000,0x0000004539900000)]
  0x00000218b3c6e000 JavaThread "Unconstrained build operations Thread 44" [_thread_blocked, id=4036, stack(0x0000004539900000,0x0000004539a00000)]
  0x00000218b3c68800 JavaThread "Unconstrained build operations Thread 45" [_thread_blocked, id=1568, stack(0x0000004539a00000,0x0000004539b00000)]
  0x00000218b3c74000 JavaThread "Unconstrained build operations Thread 46" [_thread_blocked, id=12624, stack(0x0000004539b00000,0x0000004539c00000)]
  0x00000218b3c71800 JavaThread "Unconstrained build operations Thread 47" [_thread_blocked, id=12132, stack(0x0000004539c00000,0x0000004539d00000)]
  0x00000218b3c6f000 JavaThread "Unconstrained build operations Thread 48" [_thread_blocked, id=3976, stack(0x0000004539d00000,0x0000004539e00000)]
  0x00000218b3c74800 JavaThread "Unconstrained build operations Thread 49" [_thread_blocked, id=13976, stack(0x0000004539e00000,0x0000004539f00000)]
  0x00000218b3c6f800 JavaThread "Unconstrained build operations Thread 50" [_thread_blocked, id=9204, stack(0x0000004539f00000,0x000000453a000000)]
  0x00000218b3c75800 JavaThread "Unconstrained build operations Thread 51" [_thread_blocked, id=12568, stack(0x000000453a000000,0x000000453a100000)]
  0x00000218b3c72000 JavaThread "Unconstrained build operations Thread 52" [_thread_blocked, id=11272, stack(0x000000453a100000,0x000000453a200000)]
  0x00000218b3c73000 JavaThread "Unconstrained build operations Thread 53" [_thread_blocked, id=9912, stack(0x000000453a200000,0x000000453a300000)]
  0x00000218b3c76800 JavaThread "Unconstrained build operations Thread 54" [_thread_blocked, id=11360, stack(0x000000453a300000,0x000000453a400000)]
  0x00000218b3c70800 JavaThread "Unconstrained build operations Thread 55" [_thread_blocked, id=15108, stack(0x000000453a400000,0x000000453a500000)]
  0x00000218b152f800 JavaThread "Unconstrained build operations Thread 56" [_thread_blocked, id=15272, stack(0x000000453a500000,0x000000453a600000)]
  0x00000218b152d000 JavaThread "Unconstrained build operations Thread 57" [_thread_blocked, id=11780, stack(0x000000453a600000,0x000000453a700000)]
  0x00000218b152b000 JavaThread "Unconstrained build operations Thread 58" [_thread_blocked, id=13320, stack(0x000000453a700000,0x000000453a800000)]
  0x00000218b1531000 JavaThread "Unconstrained build operations Thread 59" [_thread_blocked, id=3376, stack(0x000000453a800000,0x000000453a900000)]
  0x00000218b1530000 JavaThread "Unconstrained build operations Thread 60" [_thread_blocked, id=432, stack(0x000000453a900000,0x000000453aa00000)]
  0x00000218b152e800 JavaThread "Unconstrained build operations Thread 61" [_thread_blocked, id=13532, stack(0x000000453aa00000,0x000000453ab00000)]
  0x00000218b1532000 JavaThread "Unconstrained build operations Thread 62" [_thread_blocked, id=14964, stack(0x000000453ab00000,0x000000453ac00000)]
  0x00000218b152c000 JavaThread "Unconstrained build operations Thread 63" [_thread_blocked, id=9020, stack(0x000000453ac00000,0x000000453ad00000)]
  0x00000218b1532800 JavaThread "Unconstrained build operations Thread 64" [_thread_blocked, id=8944, stack(0x000000453ad00000,0x000000453ae00000)]
  0x00000218b1533800 JavaThread "Unconstrained build operations Thread 65" [_thread_blocked, id=3244, stack(0x000000453ae00000,0x000000453af00000)]
  0x00000218b152d800 JavaThread "Unconstrained build operations Thread 66" [_thread_blocked, id=11860, stack(0x000000453af00000,0x000000453b000000)]
  0x00000218b1539000 JavaThread "Unconstrained build operations Thread 67" [_thread_blocked, id=6856, stack(0x000000453b000000,0x000000453b100000)]
  0x00000218b1534000 JavaThread "Unconstrained build operations Thread 68" [_thread_blocked, id=13008, stack(0x000000453b100000,0x000000453b200000)]
  0x00000218b153a000 JavaThread "Unconstrained build operations Thread 69" [_thread_blocked, id=13404, stack(0x000000453b200000,0x000000453b300000)]
  0x00000218b1535000 JavaThread "Unconstrained build operations Thread 70" [_thread_blocked, id=6232, stack(0x000000453b300000,0x000000453b400000)]
  0x00000218b1536000 JavaThread "Unconstrained build operations Thread 71" [_thread_blocked, id=14860, stack(0x000000453b400000,0x000000453b500000)]
  0x00000218b1536800 JavaThread "Unconstrained build operations Thread 72" [_thread_blocked, id=15148, stack(0x000000453b500000,0x000000453b600000)]
  0x00000218b1537800 JavaThread "Unconstrained build operations Thread 73" [_thread_blocked, id=5180, stack(0x000000453b600000,0x000000453b700000)]
  0x00000218b1538800 JavaThread "Unconstrained build operations Thread 74" [_thread_blocked, id=14260, stack(0x000000453b700000,0x000000453b800000)]
  0x00000218b1921800 JavaThread "Unconstrained build operations Thread 75" [_thread_blocked, id=7632, stack(0x000000453b800000,0x000000453b900000)]
  0x00000218b191d800 JavaThread "Unconstrained build operations Thread 76" [_thread_blocked, id=10592, stack(0x000000453b900000,0x000000453ba00000)]
  0x00000218b191e000 JavaThread "Unconstrained build operations Thread 77" [_thread_blocked, id=6400, stack(0x000000453ba00000,0x000000453bb00000)]
  0x00000218b1920800 JavaThread "Unconstrained build operations Thread 78" [_thread_blocked, id=10392, stack(0x000000453bb00000,0x000000453bc00000)]
  0x00000218b191f000 JavaThread "Unconstrained build operations Thread 79" [_thread_blocked, id=11556, stack(0x000000453bc00000,0x000000453bd00000)]
  0x00000218b191f800 JavaThread "Unconstrained build operations Thread 80" [_thread_blocked, id=15100, stack(0x000000453bd00000,0x000000453be00000)]
  0x00000218b191b800 JavaThread "jar transforms Thread 4" [_thread_blocked, id=6944, stack(0x000000453be00000,0x000000453bf00000)]
  0x00000218b1922000 JavaThread "jar transforms Thread 5" [_thread_blocked, id=11872, stack(0x000000453bf00000,0x000000453c000000)]
  0x00000218b191c800 JavaThread "jar transforms Thread 6" [_thread_blocked, id=8184, stack(0x000000453c000000,0x000000453c100000)]
  0x00000218b1926800 JavaThread "jar transforms Thread 7" [_thread_blocked, id=3764, stack(0x000000453c100000,0x000000453c200000)]
  0x00000218b1924800 JavaThread "jar transforms Thread 8" [_thread_blocked, id=6272, stack(0x000000453c200000,0x000000453c300000)]
  0x00000218b1925800 JavaThread "Memory manager" [_thread_blocked, id=4788, stack(0x0000004536000000,0x0000004536100000)]
  0x00000218b1928000 JavaThread "build event listener" [_thread_blocked, id=11376, stack(0x000000453c300000,0x000000453c400000)]
  0x00000218b1928800 JavaThread "Execution worker for ':'" [_thread_blocked, id=10148, stack(0x000000453c400000,0x000000453c500000)]
  0x00000218b1923000 JavaThread "Execution worker for ':' Thread 2" [_thread_blocked, id=9256, stack(0x000000453c500000,0x000000453c600000)]
  0x00000218b1929800 JavaThread "Execution worker for ':' Thread 3" [_thread_blocked, id=13244, stack(0x000000453c600000,0x000000453c700000)]
  0x00000218b1924000 JavaThread "Execution worker for ':' Thread 4" [_thread_blocked, id=12204, stack(0x000000453c700000,0x000000453c800000)]
  0x00000218b192a800 JavaThread "Execution worker for ':' Thread 5" [_thread_blocked, id=2628, stack(0x000000453c800000,0x000000453c900000)]
  0x00000218b1131000 JavaThread "Execution worker for ':' Thread 6" [_thread_blocked, id=11244, stack(0x000000453c900000,0x000000453ca00000)]
  0x00000218b1134800 JavaThread "Execution worker for ':' Thread 7" [_thread_blocked, id=1656, stack(0x000000453ca00000,0x000000453cb00000)]
  0x00000218b112f800 JavaThread "Cache worker for execution history cache (C:\Users\SWishHy\AndroidStudioProjects\recyclerView\.gradle\7.2\executionHistory)" [_thread_blocked, id=13688, stack(0x000000453cb00000,0x000000453cc00000)]
  0x00000218b1133000 JavaThread "WorkerExecutor Queue" [_thread_blocked, id=12408, stack(0x000000453cf00000,0x000000453d000000)]
  0x00000218b112f000 JavaThread "WorkerExecutor Queue Thread 2" [_thread_blocked, id=12036, stack(0x000000453d000000,0x000000453d100000)]
  0x00000218b1135800 JavaThread "WorkerExecutor Queue Thread 3" [_thread_blocked, id=12748, stack(0x000000453d100000,0x000000453d200000)]
  0x00000218b1132000 JavaThread "pool-3-thread-1" [_thread_blocked, id=2124, stack(0x000000453d200000,0x000000453d300000)]
  0x00000218b1136000 JavaThread "stderr" [_thread_in_native, id=1340, stack(0x000000453d300000,0x000000453d400000)]
  0x00000218b1130800 JavaThread "stdout" [_thread_in_native, id=4604, stack(0x000000453d400000,0x000000453d500000)]
  0x00000218b1138000 JavaThread "Cache worker for Java compile cache (C:\Users\SWishHy\.gradle\caches\7.2\javaCompile)" [_thread_blocked, id=4488, stack(0x000000453d500000,0x000000453d600000)]
  0x00000218b1138800 JavaThread "Build operations" [_thread_blocked, id=1868, stack(0x000000453d600000,0x000000453d700000)]
  0x00000218b1139800 JavaThread "Build operations Thread 2" [_thread_blocked, id=10668, stack(0x000000453d700000,0x000000453d800000)]
  0x00000218b1137000 JavaThread "Build operations Thread 3" [_thread_blocked, id=13136, stack(0x000000453d800000,0x000000453d900000)]
  0x00000218b1133800 JavaThread "Build operations Thread 4" [_thread_blocked, id=13040, stack(0x000000453d900000,0x000000453da00000)]
  0x00000218b113a000 JavaThread "Build operations Thread 5" [_thread_blocked, id=3536, stack(0x000000453da00000,0x000000453db00000)]
  0x00000218b113d800 JavaThread "Build operations Thread 6" [_thread_blocked, id=9472, stack(0x000000453db00000,0x000000453dc00000)]
  0x00000218b113b000 JavaThread "Build operations Thread 7" [_thread_blocked, id=5644, stack(0x000000453dc00000,0x000000453dd00000)]
  0x00000218b113c000 JavaThread "Build operations Thread 8" [_thread_blocked, id=12956, stack(0x000000453dd00000,0x000000453de00000)]

Other Threads:
=>0x00000218ad135800 VMThread "VM Thread" [stack: 0x0000004534000000,0x0000004534100000] [id=12464]
  0x00000218adc63000 WatcherThread [stack: 0x0000004534a00000,0x0000004534b00000] [id=7816]
  0x0000021892cb9800 GCTaskThread "GC Thread#0" [stack: 0x0000004533b00000,0x0000004533c00000] [id=4612]
  0x00000218aee28800 GCTaskThread "GC Thread#1" [stack: 0x0000004534c00000,0x0000004534d00000] [id=732]
  0x00000218aea7f800 GCTaskThread "GC Thread#2" [stack: 0x0000004534d00000,0x0000004534e00000] [id=2660]
  0x00000218b01b0000 GCTaskThread "GC Thread#3" [stack: 0x0000004535700000,0x0000004535800000] [id=5156]
  0x00000218b01c6800 GCTaskThread "GC Thread#4" [stack: 0x0000004535800000,0x0000004535900000] [id=15332]
  0x00000218aecc3800 GCTaskThread "GC Thread#5" [stack: 0x0000004535900000,0x0000004535a00000] [id=2612]
  0x00000218b1057800 GCTaskThread "GC Thread#6" [stack: 0x0000004535a00000,0x0000004535b00000] [id=3452]
  0x00000218af056800 GCTaskThread "GC Thread#7" [stack: 0x0000004535b00000,0x0000004535c00000] [id=6252]
  0x0000021892cee800 ConcurrentGCThread "G1 Main Marker" [stack: 0x0000004533c00000,0x0000004533d00000] [id=14108]
  0x0000021892cf0000 ConcurrentGCThread "G1 Conc#0" [stack: 0x0000004533d00000,0x0000004533e00000] [id=2284]
  0x00000218af055000 ConcurrentGCThread "G1 Conc#1" [stack: 0x0000004535f00000,0x0000004536000000] [id=6648]
  0x00000218acf84800 ConcurrentGCThread "G1 Refine#0" [stack: 0x0000004533e00000,0x0000004533f00000] [id=8704]
  0x00000218b3ca5800 ConcurrentGCThread "G1 Refine#1" [stack: 0x000000453cc00000,0x000000453cd00000] [id=11684]
  0x00000218b54b7800 ConcurrentGCThread "G1 Refine#2" [stack: 0x000000453cd00000,0x000000453ce00000] [id=2896]
  0x00000218b3011000 ConcurrentGCThread "G1 Refine#3" [stack: 0x000000453ce00000,0x000000453cf00000] [id=13956]
  0x00000218acf85000 ConcurrentGCThread "G1 Young RemSet Sampling" [stack: 0x0000004533f00000,0x0000004534000000] [id=4716]

Threads with active compile tasks:
C2 CompilerThread0  91202 11637       4       java.lang.ClassLoader::defineClass (43 bytes)

VM state:at safepoint (normal execution)

VM Mutex/Monitor currently owned by a thread:  ([mutex/lock_event])
[0x0000021892c9f0e0] Threads_lock - owner thread: 0x00000218ad135800
[0x0000021892c9daf0] Heap_lock - owner thread: 0x00000218b1131000

Heap address: 0x0000000080000000, size: 2048 MB, Compressed Oops mode: 32-bit
Narrow klass base: 0x0000000000000000, Narrow klass shift: 3
Compressed class space size: 1073741824 Address: 0x0000000100000000

Heap:
 garbage-first heap   total 194560K, used 89231K [0x0000000080000000, 0x0000000100000000)
  region size 1024K, 5 young (5120K), 5 survivors (5120K)
 Metaspace       used 98320K, capacity 100622K, committed 100736K, reserved 1136640K
  class space    used 12588K, capacity 13447K, committed 13516K, reserved 1048576K
Heap Regions: E=young(eden), S=young(survivor), O=old, HS=humongous(starts), HC=humongous(continues), CS=collection set, F=free, A=archive, TAMS=top-at-mark-start (previous, next)
|   0|0x0000000080000000, 0x0000000080100000, 0x0000000080100000|100%| O|  |TAMS 0x0000000080100000, 0x0000000080100000| Untracked 
|   1|0x0000000080100000, 0x0000000080200000, 0x0000000080200000|100%| O|  |TAMS 0x0000000080200000, 0x0000000080200000| Untracked 
|   2|0x0000000080200000, 0x0000000080300000, 0x0000000080300000|100%| O|  |TAMS 0x0000000080300000, 0x0000000080300000| Untracked 
|   3|0x0000000080300000, 0x0000000080400000, 0x0000000080400000|100%|HS|  |TAMS 0x0000000080400000, 0x0000000080400000| Complete 
|   4|0x0000000080400000, 0x0000000080500000, 0x0000000080500000|100%|HC|  |TAMS 0x0000000080500000, 0x0000000080500000| Complete 
|   5|0x0000000080500000, 0x0000000080600000, 0x0000000080600000|100%|HC|  |TAMS 0x0000000080600000, 0x0000000080600000| Complete 
|   6|0x0000000080600000, 0x0000000080700000, 0x0000000080700000|100%| O|  |TAMS 0x0000000080700000, 0x0000000080700000| Untracked 
|   7|0x0000000080700000, 0x0000000080800000, 0x0000000080800000|100%| O|  |TAMS 0x0000000080800000, 0x0000000080800000| Untracked 
|   8|0x0000000080800000, 0x0000000080900000, 0x0000000080900000|100%| O|  |TAMS 0x0000000080900000, 0x0000000080900000| Untracked 
|   9|0x0000000080900000, 0x0000000080a00000, 0x0000000080a00000|100%| O|  |TAMS 0x0000000080a00000, 0x0000000080a00000| Untracked 
|  10|0x0000000080a00000, 0x0000000080b00000, 0x0000000080b00000|100%| O|  |TAMS 0x0000000080b00000, 0x0000000080b00000| Untracked 
|  11|0x0000000080b00000, 0x0000000080c00000, 0x0000000080c00000|100%| O|  |TAMS 0x0000000080c00000, 0x0000000080c00000| Untracked 
|  12|0x0000000080c00000, 0x0000000080d00000, 0x0000000080d00000|100%| O|  |TAMS 0x0000000080d00000, 0x0000000080d00000| Untracked 
|  13|0x0000000080d00000, 0x0000000080e00000, 0x0000000080e00000|100%| O|  |TAMS 0x0000000080e00000, 0x0000000080e00000| Untracked 
|  14|0x0000000080e00000, 0x0000000080f00000, 0x0000000080f00000|100%| O|  |TAMS 0x0000000080f00000, 0x0000000080f00000| Untracked 
|  15|0x0000000080f00000, 0x0000000081000000, 0x0000000081000000|100%| O|  |TAMS 0x0000000081000000, 0x0000000081000000| Untracked 
|  16|0x0000000081000000, 0x0000000081100000, 0x0000000081100000|100%| O|  |TAMS 0x0000000081100000, 0x0000000081100000| Untracked 
|  17|0x0000000081100000, 0x0000000081200000, 0x0000000081200000|100%| O|  |TAMS 0x0000000081200000, 0x0000000081200000| Untracked 
|  18|0x0000000081200000, 0x0000000081300000, 0x0000000081300000|100%| O|  |TAMS 0x0000000081300000, 0x0000000081300000| Untracked 
|  19|0x0000000081300000, 0x0000000081400000, 0x0000000081400000|100%|HS|  |TAMS 0x0000000081400000, 0x0000000081400000| Complete 
|  20|0x0000000081400000, 0x0000000081500000, 0x0000000081500000|100%| O|  |TAMS 0x0000000081500000, 0x0000000081500000| Untracked 
|  21|0x0000000081500000, 0x0000000081600000, 0x0000000081600000|100%| O|  |TAMS 0x0000000081600000, 0x0000000081600000| Untracked 
|  22|0x0000000081600000, 0x0000000081700000, 0x0000000081700000|100%| O|  |TAMS 0x0000000081700000, 0x0000000081700000| Untracked 
|  23|0x0000000081700000, 0x0000000081800000, 0x0000000081800000|100%| O|  |TAMS 0x0000000081800000, 0x0000000081800000| Untracked 
|  24|0x0000000081800000, 0x0000000081900000, 0x0000000081900000|100%| O|  |TAMS 0x0000000081900000, 0x0000000081900000| Untracked 
|  25|0x0000000081900000, 0x0000000081a00000, 0x0000000081a00000|100%| O|  |TAMS 0x0000000081a00000, 0x0000000081a00000| Untracked 
|  26|0x0000000081a00000, 0x0000000081b00000, 0x0000000081b00000|100%| O|  |TAMS 0x0000000081b00000, 0x0000000081b00000| Untracked 
|  27|0x0000000081b00000, 0x0000000081c00000, 0x0000000081c00000|100%| O|  |TAMS 0x0000000081c00000, 0x0000000081c00000| Untracked 
|  28|0x0000000081c00000, 0x0000000081d00000, 0x0000000081d00000|100%|HS|  |TAMS 0x0000000081d00000, 0x0000000081d00000| Complete 
|  29|0x0000000081d00000, 0x0000000081e00000, 0x0000000081e00000|100%|HS|  |TAMS 0x0000000081e00000, 0x0000000081e00000| Complete 
|  30|0x0000000081e00000, 0x0000000081f00000, 0x0000000081f00000|100%|HS|  |TAMS 0x0000000081f00000, 0x0000000081f00000| Complete 
|  31|0x0000000081f00000, 0x0000000082000000, 0x0000000082000000|100%|HC|  |TAMS 0x0000000082000000, 0x0000000082000000| Complete 
|  32|0x0000000082000000, 0x0000000082100000, 0x0000000082100000|100%| O|  |TAMS 0x0000000082100000, 0x0000000082100000| Untracked 
|  33|0x0000000082100000, 0x0000000082200000, 0x0000000082200000|100%| O|  |TAMS 0x0000000082200000, 0x0000000082200000| Untracked 
|  34|0x0000000082200000, 0x0000000082300000, 0x0000000082300000|100%| O|  |TAMS 0x0000000082300000, 0x0000000082300000| Untracked 
|  35|0x0000000082300000, 0x0000000082400000, 0x0000000082400000|100%| O|  |TAMS 0x0000000082400000, 0x0000000082400000| Untracked 
|  36|0x0000000082400000, 0x0000000082500000, 0x0000000082500000|100%| O|  |TAMS 0x0000000082500000, 0x0000000082500000| Untracked 
|  37|0x0000000082500000, 0x0000000082600000, 0x0000000082600000|100%| O|  |TAMS 0x0000000082600000, 0x0000000082600000| Untracked 
|  38|0x0000000082600000, 0x0000000082700000, 0x0000000082700000|100%| O|  |TAMS 0x0000000082700000, 0x0000000082700000| Untracked 
|  39|0x0000000082700000, 0x0000000082800000, 0x0000000082800000|100%| O|  |TAMS 0x0000000082800000, 0x0000000082800000| Untracked 
|  40|0x0000000082800000, 0x0000000082900000, 0x0000000082900000|100%| O|  |TAMS 0x0000000082900000, 0x0000000082900000| Untracked 
|  41|0x0000000082900000, 0x0000000082a00000, 0x0000000082a00000|100%| O|  |TAMS 0x0000000082a00000, 0x0000000082a00000| Untracked 
|  42|0x0000000082a00000, 0x0000000082b00000, 0x0000000082b00000|100%| O|  |TAMS 0x0000000082b00000, 0x0000000082b00000| Untracked 
|  43|0x0000000082b00000, 0x0000000082c00000, 0x0000000082c00000|100%| O|  |TAMS 0x0000000082c00000, 0x0000000082c00000| Untracked 
|  44|0x0000000082c00000, 0x0000000082d00000, 0x0000000082d00000|100%| O|  |TAMS 0x0000000082d00000, 0x0000000082d00000| Untracked 
|  45|0x0000000082d00000, 0x0000000082e00000, 0x0000000082e00000|100%| O|  |TAMS 0x0000000082e00000, 0x0000000082e00000| Untracked 
|  46|0x0000000082e00000, 0x0000000082f00000, 0x0000000082f00000|100%| O|  |TAMS 0x0000000082f00000, 0x0000000082f00000| Untracked 
|  47|0x0000000082f00000, 0x0000000083000000, 0x0000000083000000|100%| O|  |TAMS 0x0000000083000000, 0x0000000083000000| Untracked 
|  48|0x0000000083000000, 0x0000000083100000, 0x0000000083100000|100%| O|  |TAMS 0x0000000083100000, 0x0000000083100000| Untracked 
|  49|0x0000000083100000, 0x0000000083200000, 0x0000000083200000|100%| O|  |TAMS 0x0000000083200000, 0x0000000083200000| Untracked 
|  50|0x0000000083200000, 0x0000000083300000, 0x0000000083300000|100%| O|  |TAMS 0x0000000083300000, 0x0000000083300000| Untracked 
|  51|0x0000000083300000, 0x0000000083400000, 0x0000000083400000|100%| O|  |TAMS 0x0000000083400000, 0x0000000083400000| Untracked 
|  52|0x0000000083400000, 0x0000000083500000, 0x0000000083500000|100%| O|  |TAMS 0x0000000083500000, 0x0000000083500000| Untracked 
|  53|0x0000000083500000, 0x0000000083600000, 0x0000000083600000|100%| O|  |TAMS 0x0000000083600000, 0x0000000083600000| Untracked 
|  54|0x0000000083600000, 0x0000000083700000, 0x0000000083700000|100%| O|  |TAMS 0x0000000083700000, 0x0000000083700000| Untracked 
|  55|0x0000000083700000, 0x0000000083800000, 0x0000000083800000|100%| O|  |TAMS 0x0000000083800000, 0x0000000083800000| Untracked 
|  56|0x0000000083800000, 0x0000000083900000, 0x0000000083900000|100%| O|  |TAMS 0x0000000083900000, 0x0000000083900000| Untracked 
|  57|0x0000000083900000, 0x0000000083a00000, 0x0000000083a00000|100%| O|  |TAMS 0x0000000083a00000, 0x0000000083a00000| Untracked 
|  58|0x0000000083a00000, 0x0000000083b00000, 0x0000000083b00000|100%| O|  |TAMS 0x0000000083b00000, 0x0000000083b00000| Untracked 
|  59|0x0000000083b00000, 0x0000000083c00000, 0x0000000083c00000|100%| O|  |TAMS 0x0000000083c00000, 0x0000000083c00000| Untracked 
|  60|0x0000000083c00000, 0x0000000083d00000, 0x0000000083d00000|100%| O|  |TAMS 0x0000000083d00000, 0x0000000083d00000| Untracked 
|  61|0x0000000083d00000, 0x0000000083e00000, 0x0000000083e00000|100%| O|  |TAMS 0x0000000083e00000, 0x0000000083e00000| Untracked 
|  62|0x0000000083e00000, 0x0000000083f00000, 0x0000000083f00000|100%| O|  |TAMS 0x0000000083f00000, 0x0000000083f00000| Untracked 
|  63|0x0000000083f00000, 0x0000000084000000, 0x0000000084000000|100%| O|  |TAMS 0x0000000084000000, 0x0000000084000000| Untracked 
|  64|0x0000000084000000, 0x0000000084100000, 0x0000000084100000|100%| O|  |TAMS 0x0000000084100000, 0x0000000084100000| Untracked 
|  65|0x0000000084100000, 0x0000000084200000, 0x0000000084200000|100%| O|  |TAMS 0x0000000084200000, 0x0000000084200000| Untracked 
|  66|0x0000000084200000, 0x0000000084300000, 0x0000000084300000|100%| O|  |TAMS 0x0000000084300000, 0x0000000084300000| Untracked 
|  67|0x0000000084300000, 0x0000000084400000, 0x0000000084400000|100%| O|  |TAMS 0x0000000084400000, 0x0000000084400000| Untracked 
|  68|0x0000000084400000, 0x0000000084500000, 0x0000000084500000|100%| O|  |TAMS 0x0000000084500000, 0x0000000084500000| Untracked 
|  69|0x0000000084500000, 0x0000000084600000, 0x0000000084600000|100%| O|  |TAMS 0x0000000084600000, 0x0000000084600000| Untracked 
|  70|0x0000000084600000, 0x0000000084700000, 0x0000000084700000|100%| O|  |TAMS 0x0000000084700000, 0x0000000084700000| Untracked 
|  71|0x0000000084700000, 0x0000000084800000, 0x0000000084800000|100%| O|  |TAMS 0x00000000847f0a00, 0x0000000084800000| Untracked 
|  72|0x0000000084800000, 0x0000000084900000, 0x0000000084900000|100%| O|  |TAMS 0x0000000084800000, 0x0000000084900000| Untracked 
|  73|0x0000000084900000, 0x0000000084a00000, 0x0000000084a00000|100%| O|  |TAMS 0x0000000084900000, 0x0000000084a00000| Untracked 
|  74|0x0000000084a00000, 0x0000000084b00000, 0x0000000084b00000|100%| O|  |TAMS 0x0000000084a00000, 0x0000000084b00000| Untracked 
|  75|0x0000000084b00000, 0x0000000084c00000, 0x0000000084c00000|100%| O|  |TAMS 0x0000000084b00000, 0x0000000084c00000| Untracked 
|  76|0x0000000084c00000, 0x0000000084d00000, 0x0000000084d00000|100%| O|  |TAMS 0x0000000084c00000, 0x0000000084d00000| Untracked 
|  77|0x0000000084d00000, 0x0000000084d3de00, 0x0000000084e00000| 24%| O|  |TAMS 0x0000000084d00000, 0x0000000084d3de00| Untracked 
|  78|0x0000000084e00000, 0x0000000084f00000, 0x0000000084f00000|100%| O|  |TAMS 0x0000000084f00000, 0x0000000084f00000| Untracked 
|  79|0x0000000084f00000, 0x0000000085000000, 0x0000000085000000|100%| O|  |TAMS 0x0000000085000000, 0x0000000085000000| Untracked 
|  80|0x0000000085000000, 0x0000000085100000, 0x0000000085100000|100%| O|  |TAMS 0x0000000085100000, 0x0000000085100000| Untracked 
|  81|0x0000000085100000, 0x0000000085100000, 0x0000000085200000|  0%| F|  |TAMS 0x0000000085100000, 0x0000000085100000| Untracked 
|  82|0x0000000085200000, 0x0000000085200000, 0x0000000085300000|  0%| F|  |TAMS 0x0000000085200000, 0x0000000085200000| Untracked 
|  83|0x0000000085300000, 0x0000000085300000, 0x0000000085400000|  0%| F|  |TAMS 0x0000000085300000, 0x0000000085300000| Untracked 
|  84|0x0000000085400000, 0x0000000085400000, 0x0000000085500000|  0%| F|  |TAMS 0x0000000085400000, 0x0000000085400000| Untracked 
|  85|0x0000000085500000, 0x0000000085600000, 0x0000000085600000|100%| O|  |TAMS 0x0000000085600000, 0x0000000085600000| Untracked 
|  86|0x0000000085600000, 0x0000000085700000, 0x0000000085700000|100%| O|  |TAMS 0x0000000085700000, 0x0000000085700000| Untracked 
|  87|0x0000000085700000, 0x0000000085700000, 0x0000000085800000|  0%| F|  |TAMS 0x0000000085700000, 0x0000000085700000| Untracked 
|  88|0x0000000085800000, 0x0000000085800000, 0x0000000085900000|  0%| F|  |TAMS 0x0000000085800000, 0x0000000085800000| Untracked 
|  89|0x0000000085900000, 0x0000000085900000, 0x0000000085a00000|  0%| F|  |TAMS 0x0000000085900000, 0x0000000085900000| Untracked 
|  90|0x0000000085a00000, 0x0000000085a00000, 0x0000000085b00000|  0%| F|  |TAMS 0x0000000085a00000, 0x0000000085a00000| Untracked 
|  91|0x0000000085b00000, 0x0000000085b00000, 0x0000000085c00000|  0%| F|  |TAMS 0x0000000085b00000, 0x0000000085b00000| Untracked 
|  92|0x0000000085c00000, 0x0000000085c00000, 0x0000000085d00000|  0%| F|  |TAMS 0x0000000085c00000, 0x0000000085c00000| Untracked 
|  93|0x0000000085d00000, 0x0000000085d00000, 0x0000000085e00000|  0%| F|  |TAMS 0x0000000085d00000, 0x0000000085d00000| Untracked 
|  94|0x0000000085e00000, 0x0000000085e00000, 0x0000000085f00000|  0%| F|  |TAMS 0x0000000085e00000, 0x0000000085e00000| Untracked 
|  95|0x0000000085f00000, 0x0000000085f00000, 0x0000000086000000|  0%| F|  |TAMS 0x0000000085f00000, 0x0000000085f00000| Untracked 
|  96|0x0000000086000000, 0x0000000086000000, 0x0000000086100000|  0%| F|  |TAMS 0x0000000086000000, 0x0000000086000000| Untracked 
|  97|0x0000000086100000, 0x0000000086100000, 0x0000000086200000|  0%| F|  |TAMS 0x0000000086100000, 0x0000000086100000| Untracked 
|  98|0x0000000086200000, 0x0000000086200000, 0x0000000086300000|  0%| F|  |TAMS 0x0000000086200000, 0x0000000086200000| Untracked 
|  99|0x0000000086300000, 0x0000000086300000, 0x0000000086400000|  0%| F|  |TAMS 0x0000000086300000, 0x0000000086300000| Untracked 
| 100|0x0000000086400000, 0x0000000086400000, 0x0000000086500000|  0%| F|  |TAMS 0x0000000086400000, 0x0000000086400000| Untracked 
| 101|0x0000000086500000, 0x0000000086500000, 0x0000000086600000|  0%| F|  |TAMS 0x0000000086500000, 0x0000000086500000| Untracked 
| 102|0x0000000086600000, 0x0000000086600000, 0x0000000086700000|  0%| F|  |TAMS 0x0000000086600000, 0x0000000086600000| Untracked 
| 103|0x0000000086700000, 0x0000000086700000, 0x0000000086800000|  0%| F|  |TAMS 0x0000000086700000, 0x0000000086700000| Untracked 
| 104|0x0000000086800000, 0x0000000086800000, 0x0000000086900000|  0%| F|  |TAMS 0x0000000086800000, 0x0000000086800000| Untracked 
| 105|0x0000000086900000, 0x0000000086900000, 0x0000000086a00000|  0%| F|  |TAMS 0x0000000086900000, 0x0000000086900000| Untracked 
| 106|0x0000000086a00000, 0x0000000086a00000, 0x0000000086b00000|  0%| F|  |TAMS 0x0000000086a00000, 0x0000000086a00000| Untracked 
| 107|0x0000000086b00000, 0x0000000086b00000, 0x0000000086c00000|  0%| F|  |TAMS 0x0000000086b00000, 0x0000000086b00000| Untracked 
| 108|0x0000000086c00000, 0x0000000086c00000, 0x0000000086d00000|  0%| F|  |TAMS 0x0000000086c00000, 0x0000000086c00000| Untracked 
| 109|0x0000000086d00000, 0x0000000086d00000, 0x0000000086e00000|  0%| F|  |TAMS 0x0000000086d00000, 0x0000000086d00000| Untracked 
| 110|0x0000000086e00000, 0x0000000086e00000, 0x0000000086f00000|  0%| F|  |TAMS 0x0000000086e00000, 0x0000000086e00000| Untracked 
| 111|0x0000000086f00000, 0x0000000086f00000, 0x0000000087000000|  0%| F|  |TAMS 0x0000000086f00000, 0x0000000086f00000| Untracked 
| 112|0x0000000087000000, 0x0000000087000000, 0x0000000087100000|  0%| F|  |TAMS 0x0000000087000000, 0x0000000087000000| Untracked 
| 113|0x0000000087100000, 0x0000000087100000, 0x0000000087200000|  0%| F|  |TAMS 0x0000000087100000, 0x0000000087100000| Untracked 
| 114|0x0000000087200000, 0x0000000087200000, 0x0000000087300000|  0%| F|  |TAMS 0x0000000087200000, 0x0000000087200000| Untracked 
| 115|0x0000000087300000, 0x0000000087300000, 0x0000000087400000|  0%| F|  |TAMS 0x0000000087300000, 0x0000000087300000| Untracked 
| 116|0x0000000087400000, 0x0000000087400000, 0x0000000087500000|  0%| F|  |TAMS 0x0000000087400000, 0x0000000087400000| Untracked 
| 117|0x0000000087500000, 0x0000000087500000, 0x0000000087600000|  0%| F|  |TAMS 0x0000000087500000, 0x0000000087500000| Untracked 
| 118|0x0000000087600000, 0x0000000087600000, 0x0000000087700000|  0%| F|  |TAMS 0x0000000087600000, 0x0000000087600000| Untracked 
| 119|0x0000000087700000, 0x0000000087700000, 0x0000000087800000|  0%| F|  |TAMS 0x0000000087700000, 0x0000000087700000| Untracked 
| 120|0x0000000087800000, 0x00000000878e5e30, 0x0000000087900000| 89%| S|CS|TAMS 0x0000000087800000, 0x0000000087800000| Complete 
| 121|0x0000000087900000, 0x0000000087a00000, 0x0000000087a00000|100%| S|CS|TAMS 0x0000000087900000, 0x0000000087900000| Complete 
| 122|0x0000000087a00000, 0x0000000087b00000, 0x0000000087b00000|100%| S|CS|TAMS 0x0000000087a00000, 0x0000000087a00000| Complete 
| 123|0x0000000087b00000, 0x0000000087c00000, 0x0000000087c00000|100%| S|CS|TAMS 0x0000000087b00000, 0x0000000087b00000| Complete 
| 124|0x0000000087c00000, 0x0000000087d00000, 0x0000000087d00000|100%| S|CS|TAMS 0x0000000087c00000, 0x0000000087c00000| Complete 
| 125|0x0000000087d00000, 0x0000000087d00000, 0x0000000087e00000|  0%| F|  |TAMS 0x0000000087d00000, 0x0000000087d00000| Untracked 
| 126|0x0000000087e00000, 0x0000000087e00000, 0x0000000087f00000|  0%| F|  |TAMS 0x0000000087e00000, 0x0000000087e00000| Untracked 
| 127|0x0000000087f00000, 0x0000000087f00000, 0x0000000088000000|  0%| F|  |TAMS 0x0000000087f00000, 0x0000000087f00000| Untracked 
| 128|0x0000000088000000, 0x0000000088000000, 0x0000000088100000|  0%| F|  |TAMS 0x0000000088000000, 0x0000000088000000| Untracked 
| 129|0x0000000088100000, 0x0000000088100000, 0x0000000088200000|  0%| F|  |TAMS 0x0000000088100000, 0x0000000088100000| Untracked 
| 130|0x0000000088200000, 0x0000000088200000, 0x0000000088300000|  0%| F|  |TAMS 0x0000000088200000, 0x0000000088200000| Untracked 
| 131|0x0000000088300000, 0x0000000088300000, 0x0000000088400000|  0%| F|  |TAMS 0x0000000088300000, 0x0000000088300000| Untracked 
| 132|0x0000000088400000, 0x0000000088400000, 0x0000000088500000|  0%| F|  |TAMS 0x0000000088400000, 0x0000000088400000| Untracked 
| 133|0x0000000088500000, 0x0000000088500000, 0x0000000088600000|  0%| F|  |TAMS 0x0000000088500000, 0x0000000088500000| Untracked 
| 134|0x0000000088600000, 0x0000000088600000, 0x0000000088700000|  0%| F|  |TAMS 0x0000000088600000, 0x0000000088600000| Untracked 
| 135|0x0000000088700000, 0x0000000088700000, 0x0000000088800000|  0%| F|  |TAMS 0x0000000088700000, 0x0000000088700000| Untracked 
| 136|0x0000000088800000, 0x0000000088800000, 0x0000000088900000|  0%| F|  |TAMS 0x0000000088800000, 0x0000000088800000| Untracked 
| 137|0x0000000088900000, 0x0000000088900000, 0x0000000088a00000|  0%| F|  |TAMS 0x0000000088900000, 0x0000000088900000| Untracked 
| 138|0x0000000088a00000, 0x0000000088a00000, 0x0000000088b00000|  0%| F|  |TAMS 0x0000000088a00000, 0x0000000088a00000| Untracked 
| 139|0x0000000088b00000, 0x0000000088b00000, 0x0000000088c00000|  0%| F|  |TAMS 0x0000000088b00000, 0x0000000088b00000| Untracked 
| 140|0x0000000088c00000, 0x0000000088c00000, 0x0000000088d00000|  0%| F|  |TAMS 0x0000000088c00000, 0x0000000088c00000| Untracked 
| 141|0x0000000088d00000, 0x0000000088d00000, 0x0000000088e00000|  0%| F|  |TAMS 0x0000000088d00000, 0x0000000088d00000| Untracked 
| 142|0x0000000088e00000, 0x0000000088e00000, 0x0000000088f00000|  0%| F|  |TAMS 0x0000000088e00000, 0x0000000088e00000| Untracked 
| 143|0x0000000088f00000, 0x0000000088f00000, 0x0000000089000000|  0%| F|  |TAMS 0x0000000088f00000, 0x0000000088f00000| Untracked 
| 144|0x0000000089000000, 0x0000000089000000, 0x0000000089100000|  0%| F|  |TAMS 0x0000000089000000, 0x0000000089000000| Untracked 
| 145|0x0000000089100000, 0x0000000089100000, 0x0000000089200000|  0%| F|  |TAMS 0x0000000089100000, 0x0000000089100000| Untracked 
| 146|0x0000000089200000, 0x0000000089200000, 0x0000000089300000|  0%| F|  |TAMS 0x0000000089200000, 0x0000000089200000| Untracked 
| 147|0x0000000089300000, 0x0000000089300000, 0x0000000089400000|  0%| F|  |TAMS 0x0000000089300000, 0x0000000089300000| Untracked 
| 148|0x0000000089400000, 0x0000000089400000, 0x0000000089500000|  0%| F|  |TAMS 0x0000000089400000, 0x0000000089400000| Untracked 
| 149|0x0000000089500000, 0x0000000089500000, 0x0000000089600000|  0%| F|  |TAMS 0x0000000089500000, 0x0000000089500000| Untracked 
| 150|0x0000000089600000, 0x0000000089600000, 0x0000000089700000|  0%| F|  |TAMS 0x0000000089600000, 0x0000000089600000| Untracked 
| 151|0x0000000089700000, 0x0000000089700000, 0x0000000089800000|  0%| F|  |TAMS 0x0000000089700000, 0x0000000089700000| Untracked 
| 152|0x0000000089800000, 0x0000000089800000, 0x0000000089900000|  0%| F|  |TAMS 0x0000000089800000, 0x0000000089800000| Untracked 
| 153|0x0000000089900000, 0x0000000089900000, 0x0000000089a00000|  0%| F|  |TAMS 0x0000000089900000, 0x0000000089900000| Untracked 
| 154|0x0000000089a00000, 0x0000000089a00000, 0x0000000089b00000|  0%| F|  |TAMS 0x0000000089a00000, 0x0000000089a00000| Untracked 
| 155|0x0000000089b00000, 0x0000000089b00000, 0x0000000089c00000|  0%| F|  |TAMS 0x0000000089b00000, 0x0000000089b00000| Untracked 
| 156|0x0000000089c00000, 0x0000000089c00000, 0x0000000089d00000|  0%| F|  |TAMS 0x0000000089c00000, 0x0000000089c00000| Untracked 
| 157|0x0000000089d00000, 0x0000000089d00000, 0x0000000089e00000|  0%| F|  |TAMS 0x0000000089d00000, 0x0000000089d00000| Untracked 

Card table byte_map: [0x00000218a5ee0000,0x00000218a62e0000] _byte_map_base: 0x00000218a5ae0000

Marking Bits (Prev, Next): (CMBitMap*) 0x0000021892ce5850, (CMBitMap*) 0x0000021892ce5818
 Prev Bits: [0x00000218a86e0000, 0x00000218aa6e0000)
 Next Bits: [0x00000218a66e0000, 0x00000218a86e0000)

Polling page: 0x0000021892480000

Metaspace:

Usage:
  Non-class:     85.13 MB capacity,    83.72 MB ( 98%) used,     1.14 MB (  1%) free+waste,   271.38 KB ( <1%) overhead. 
      Class:     13.13 MB capacity,    12.29 MB ( 94%) used,   737.00 KB (  5%) free+waste,   121.63 KB ( <1%) overhead. 
       Both:     98.26 MB capacity,    96.02 MB ( 98%) used,     1.86 MB (  2%) free+waste,   393.00 KB ( <1%) overhead. 

Virtual space:
  Non-class space:       86.00 MB reserved,      85.18 MB (>99%) committed 
      Class space:        1.00 GB reserved,      13.20 MB (  1%) committed 
             Both:        1.08 GB reserved,      98.38 MB (  9%) committed 

Chunk freelists:
   Non-Class:  45.00 KB
       Class:  25.00 KB
        Both:  70.00 KB

MaxMetaspaceSize: 17179869184.00 GB
CompressedClassSpaceSize: 1.00 GB

CodeHeap 'non-profiled nmethods': size=120000Kb used=5105Kb max_used=5105Kb free=114894Kb
 bounds [0x000002189e270000, 0x000002189e770000, 0x00000218a57a0000]
CodeHeap 'profiled nmethods': size=120000Kb used=23048Kb max_used=23048Kb free=96951Kb
 bounds [0x0000021896d40000, 0x00000218983d0000, 0x000002189e270000]
CodeHeap 'non-nmethods': size=5760Kb used=2313Kb max_used=2354Kb free=3446Kb
 bounds [0x00000218967a0000, 0x0000021896a10000, 0x0000021896d40000]
 total_blobs=12208 nmethods=11281 adapters=838
 compilation: enabled
              stopped_count=0, restarted_count=0
 full_count=0

Compilation events (20 events):
Event: 90.959 Thread 0x00000218ad158800 nmethod 11629 0x00000218983adb90 code [0x00000218983add60, 0x00000218983adf98]
Event: 90.959 Thread 0x00000218ad158800 11628       3       com.sun.tools.javac.parser.Scanner::token (30 bytes)
Event: 90.960 Thread 0x00000218ad158800 nmethod 11628 0x00000218983ae090 code [0x00000218983ae260, 0x00000218983ae598]
Event: 90.960 Thread 0x00000218ad158800 11630       1       com.sun.tools.javac.util.List$1::isEmpty (2 bytes)
Event: 90.960 Thread 0x00000218ad158800 nmethod 11630 0x000002189e76b790 code [0x000002189e76b940, 0x000002189e76b9f8]
Event: 90.960 Thread 0x00000218ad158800 11627       1       com.sun.tools.javac.parser.Scanner::prevToken (5 bytes)
Event: 90.960 Thread 0x00000218ad158800 nmethod 11627 0x000002189e76ba90 code [0x000002189e76bc40, 0x000002189e76bcf8]
Event: 90.960 Thread 0x00000218ad158800 11631       3       com.sun.tools.javac.parser.JavacParser$SimpleEndPosTable::storeEnd (34 bytes)
Event: 90.961 Thread 0x00000218ad158800 nmethod 11631 0x00000218983ae690 code [0x00000218983ae880, 0x00000218983aeba8]
Event: 90.961 Thread 0x00000218ad158800 11636   !   3       com.sun.tools.javac.parser.JavaTokenizer::readToken (2179 bytes)
Event: 90.963 Thread 0x00000218adac1000 11637       4       java.lang.ClassLoader::defineClass (43 bytes)
Event: 90.992 Thread 0x00000218ad158800 nmethod 11636 0x00000218983aed10 code [0x00000218983afea0, 0x00000218983bb978]
Event: 90.992 Thread 0x00000218ad158800 11635       3       com.sun.tools.javac.parser.Tokens$Token::<init> (30 bytes)
Event: 90.992 Thread 0x00000218ad158800 nmethod 11635 0x00000218983c0f10 code [0x00000218983c10e0, 0x00000218983c13a8]
Event: 90.992 Thread 0x00000218ad158800 11632       3       com.sun.tools.javac.parser.JavacParser::toP (9 bytes)
Event: 90.993 Thread 0x00000218ad158800 nmethod 11632 0x00000218983c1490 code [0x00000218983c1640, 0x00000218983c1808]
Event: 90.993 Thread 0x00000218ad158800 11633       3       com.sun.tools.javac.parser.JavacParser$SimpleEndPosTable::toP (22 bytes)
Event: 90.993 Thread 0x00000218ad158800 nmethod 11633 0x00000218983c1910 code [0x00000218983c1b20, 0x00000218983c1f08]
Event: 90.993 Thread 0x00000218ad158800 11634       1       com.sun.tools.javac.parser.Tokens$NamedToken::name (5 bytes)
Event: 90.994 Thread 0x00000218ad158800 nmethod 11634 0x000002189e76c190 code [0x000002189e76c340, 0x000002189e76c3f8]

GC Heap History (20 events):
Event: 77.774 GC heap after
{Heap after GC invocations=27 (full 0):
 garbage-first heap   total 134144K, used 88467K [0x0000000080000000, 0x0000000100000000)
  region size 1024K, 2 young (2048K), 2 survivors (2048K)
 Metaspace       used 85193K, capacity 87255K, committed 87680K, reserved 1124352K
  class space    used 11033K, capacity 11803K, committed 11980K, reserved 1048576K
}
Event: 78.328 GC heap before
{Heap before GC invocations=28 (full 0):
 garbage-first heap   total 134144K, used 103827K [0x0000000080000000, 0x0000000100000000)
  region size 1024K, 18 young (18432K), 2 survivors (2048K)
 Metaspace       used 86093K, capacity 88190K, committed 88448K, reserved 1126400K
  class space    used 11123K, capacity 11909K, committed 11980K, reserved 1048576K
}
Event: 78.335 GC heap after
{Heap after GC invocations=29 (full 0):
 garbage-first heap   total 134144K, used 89545K [0x0000000080000000, 0x0000000100000000)
  region size 1024K, 3 young (3072K), 3 survivors (3072K)
 Metaspace       used 86093K, capacity 88190K, committed 88448K, reserved 1126400K
  class space    used 11123K, capacity 11909K, committed 11980K, reserved 1048576K
}
Event: 78.363 GC heap before
{Heap before GC invocations=29 (full 0):
 garbage-first heap   total 134144K, used 91593K [0x0000000080000000, 0x0000000100000000)
  region size 1024K, 6 young (6144K), 3 survivors (3072K)
 Metaspace       used 86108K, capacity 88191K, committed 88448K, reserved 1126400K
  class space    used 11123K, capacity 11909K, committed 11980K, reserved 1048576K
}
Event: 78.370 GC heap after
{Heap after GC invocations=30 (full 0):
 garbage-first heap   total 134144K, used 89298K [0x0000000080000000, 0x0000000100000000)
  region size 1024K, 1 young (1024K), 1 survivors (1024K)
 Metaspace       used 86108K, capacity 88191K, committed 88448K, reserved 1126400K
  class space    used 11123K, capacity 11909K, committed 11980K, reserved 1048576K
}
Event: 78.638 GC heap before
{Heap before GC invocations=30 (full 0):
 garbage-first heap   total 134144K, used 105682K [0x0000000080000000, 0x0000000100000000)
  region size 1024K, 18 young (18432K), 1 survivors (1024K)
 Metaspace       used 86196K, capacity 88334K, committed 88448K, reserved 1126400K
  class space    used 11123K, capacity 11909K, committed 11980K, reserved 1048576K
}
Event: 78.643 GC heap after
{Heap after GC invocations=31 (full 0):
 garbage-first heap   total 134144K, used 90066K [0x0000000080000000, 0x0000000100000000)
  region size 1024K, 2 young (2048K), 2 survivors (2048K)
 Metaspace       used 86196K, capacity 88334K, committed 88448K, reserved 1126400K
  class space    used 11123K, capacity 11909K, committed 11980K, reserved 1048576K
}
Event: 79.076 GC heap before
{Heap before GC invocations=32 (full 0):
 garbage-first heap   total 134144K, used 95186K [0x0000000080000000, 0x0000000100000000)
  region size 1024K, 19 young (19456K), 2 survivors (2048K)
 Metaspace       used 86892K, capacity 88976K, committed 89344K, reserved 1126400K
  class space    used 11191K, capacity 11983K, committed 12108K, reserved 1048576K
}
Event: 79.083 GC heap after
{Heap after GC invocations=33 (full 0):
 garbage-first heap   total 134144K, used 79976K [0x0000000080000000, 0x0000000100000000)
  region size 1024K, 3 young (3072K), 3 survivors (3072K)
 Metaspace       used 86892K, capacity 88976K, committed 89344K, reserved 1126400K
  class space    used 11191K, capacity 11983K, committed 12108K, reserved 1048576K
}
Event: 79.119 GC heap before
{Heap before GC invocations=33 (full 0):
 garbage-first heap   total 134144K, used 83048K [0x0000000080000000, 0x0000000100000000)
  region size 1024K, 6 young (6144K), 3 survivors (3072K)
 Metaspace       used 87030K, capacity 89118K, committed 89344K, reserved 1126400K
  class space    used 11211K, capacity 11988K, committed 12108K, reserved 1048576K
}
Event: 79.125 GC heap after
{Heap after GC invocations=34 (full 0):
 garbage-first heap   total 134144K, used 76372K [0x0000000080000000, 0x0000000100000000)
  region size 1024K, 1 young (1024K), 1 survivors (1024K)
 Metaspace       used 87030K, capacity 89118K, committed 89344K, reserved 1126400K
  class space    used 11211K, capacity 11988K, committed 12108K, reserved 1048576K
}
Event: 79.385 GC heap before
{Heap before GC invocations=34 (full 0):
 garbage-first heap   total 134144K, used 100948K [0x0000000080000000, 0x0000000100000000)
  region size 1024K, 26 young (26624K), 1 survivors (1024K)
 Metaspace       used 87740K, capacity 89819K, committed 89984K, reserved 1126400K
  class space    used 11303K, capacity 12085K, committed 12236K, reserved 1048576K
}
Event: 79.394 GC heap after
{Heap after GC invocations=35 (full 0):
 garbage-first heap   total 161792K, used 77240K [0x0000000080000000, 0x0000000100000000)
  region size 1024K, 2 young (2048K), 2 survivors (2048K)
 Metaspace       used 87740K, capacity 89819K, committed 89984K, reserved 1126400K
  class space    used 11303K, capacity 12085K, committed 12236K, reserved 1048576K
}
Event: 80.156 GC heap before
{Heap before GC invocations=36 (full 0):
 garbage-first heap   total 161792K, used 117176K [0x0000000080000000, 0x0000000100000000)
  region size 1024K, 42 young (43008K), 2 survivors (2048K)
 Metaspace       used 89720K, capacity 91762K, committed 92032K, reserved 1128448K
  class space    used 11553K, capacity 12345K, committed 12492K, reserved 1048576K
}
Event: 80.163 GC heap after
{Heap after GC invocations=37 (full 0):
 garbage-first heap   total 161792K, used 78586K [0x0000000080000000, 0x0000000100000000)
  region size 1024K, 3 young (3072K), 3 survivors (3072K)
 Metaspace       used 89720K, capacity 91762K, committed 92032K, reserved 1128448K
  class space    used 11553K, capacity 12345K, committed 12492K, reserved 1048576K
}
Event: 87.699 GC heap before
{Heap before GC invocations=37 (full 0):
 garbage-first heap   total 161792K, used 120570K [0x0000000080000000, 0x0000000100000000)
  region size 1024K, 45 young (46080K), 3 survivors (3072K)
 Metaspace       used 90915K, capacity 93021K, committed 93184K, reserved 1130496K
  class space    used 11661K, capacity 12490K, committed 12620K, reserved 1048576K
}
Event: 87.715 GC heap after
{Heap after GC invocations=38 (full 0):
 garbage-first heap   total 161792K, used 84930K [0x0000000080000000, 0x0000000100000000)
  region size 1024K, 6 young (6144K), 6 survivors (6144K)
 Metaspace       used 90915K, capacity 93021K, committed 93184K, reserved 1130496K
  class space    used 11661K, capacity 12490K, committed 12620K, reserved 1048576K
}
Event: 88.860 GC heap before
{Heap before GC invocations=39 (full 0):
 garbage-first heap   total 161792K, used 124866K [0x0000000080000000, 0x0000000100000000)
  region size 1024K, 46 young (47104K), 6 survivors (6144K)
 Metaspace       used 92059K, capacity 94197K, committed 94464K, reserved 1130496K
  class space    used 11783K, capacity 12583K, committed 12620K, reserved 1048576K
}
Event: 88.877 GC heap after
{Heap after GC invocations=40 (full 0):
 garbage-first heap   total 161792K, used 86917K [0x0000000080000000, 0x0000000100000000)
  region size 1024K, 3 young (3072K), 3 survivors (3072K)
 Metaspace       used 92059K, capacity 94197K, committed 94464K, reserved 1130496K
  class space    used 11783K, capacity 12583K, committed 12620K, reserved 1048576K
}
Event: 91.068 GC heap before
{Heap before GC invocations=40 (full 0):
 garbage-first heap   total 161792K, used 118661K [0x0000000080000000, 0x0000000100000000)
  region size 1024K, 36 young (36864K), 3 survivors (3072K)
 Metaspace       used 98320K, capacity 100622K, committed 100736K, reserved 1136640K
  class space    used 12588K, capacity 13447K, committed 13516K, reserved 1048576K
}

Deoptimization events (20 events):
Event: 89.239 Thread 0x00000218b1131000 DEOPT PACKING pc=0x000002189e514418 sp=0x000000453c9fa0c0
Event: 89.239 Thread 0x00000218b1131000 DEOPT UNPACKING pc=0x00000218967c662f sp=0x000000453c9fa058 mode 2
Event: 89.284 Thread 0x00000218b1131000 Uncommon trap: trap_request=0xffffff7e fr.pc=0x000002189e729e0c relative=0x000000000000064c
Event: 89.284 Thread 0x00000218b1131000 Uncommon trap: reason=predicate action=maybe_recompile pc=0x000002189e729e0c method=java.util.TimSort.binarySort([Ljava/lang/Object;IIILjava/util/Comparator;)V @ 34 c2
Event: 89.284 Thread 0x00000218b1131000 DEOPT PACKING pc=0x000002189e729e0c sp=0x000000453c9f8d70
Event: 89.284 Thread 0x00000218b1131000 DEOPT UNPACKING pc=0x00000218967c662f sp=0x000000453c9f8d20 mode 2
Event: 89.438 Thread 0x00000218b1131000 Uncommon trap: trap_request=0xffffffcc fr.pc=0x000002189e6f805c relative=0x0000000000002a3c
Event: 89.438 Thread 0x00000218b1131000 Uncommon trap: reason=intrinsic_or_type_checked_inlining action=make_not_entrant pc=0x000002189e6f805c method=java.util.ArrayList$SubList.toArray([Ljava/lang/Object;)[Ljava/lang/Object; @ 58 c2
Event: 89.438 Thread 0x00000218b1131000 DEOPT PACKING pc=0x000002189e6f805c sp=0x000000453c9f86f0
Event: 89.438 Thread 0x00000218b1131000 DEOPT UNPACKING pc=0x00000218967c662f sp=0x000000453c9f8670 mode 2
Event: 90.159 Thread 0x00000218b1131000 DEOPT PACKING pc=0x0000021898176455 sp=0x000000453c9f8740
Event: 90.159 Thread 0x00000218b1131000 DEOPT UNPACKING pc=0x00000218967c6dde sp=0x000000453c9f7c60 mode 0
Event: 90.936 Thread 0x00000218b1131000 Uncommon trap: trap_request=0xffffff4d fr.pc=0x000002189e578048 relative=0x00000000000000a8
Event: 90.936 Thread 0x00000218b1131000 Uncommon trap: reason=unstable_if action=reinterpret pc=0x000002189e578048 method=java.lang.CharacterDataLatin1.digit(II)I @ 12 c2
Event: 90.936 Thread 0x00000218b1131000 DEOPT PACKING pc=0x000002189e578048 sp=0x000000453c9f9540
Event: 90.936 Thread 0x00000218b1131000 DEOPT UNPACKING pc=0x00000218967c662f sp=0x000000453c9f93f8 mode 2
Event: 90.962 Thread 0x00000218b1131000 Uncommon trap: trap_request=0xffffff4d fr.pc=0x000002189e706c38 relative=0x0000000000000098
Event: 90.962 Thread 0x00000218b1131000 Uncommon trap: reason=unstable_if action=reinterpret pc=0x000002189e706c38 method=java.lang.CharacterDataLatin1.digit(II)I @ 7 c2
Event: 90.962 Thread 0x00000218b1131000 DEOPT PACKING pc=0x000002189e706c38 sp=0x000000453c9f93c0
Event: 90.962 Thread 0x00000218b1131000 DEOPT UNPACKING pc=0x00000218967c662f sp=0x000000453c9f9340 mode 2

Classes redefined (0 events):
No events

Internal exceptions (20 events):
Event: 78.884 Thread 0x00000218b1131000 Exception <a 'java/lang/NoSuchMethodError'{0x0000000087b6b6f8}: <clinit>> (0x0000000087b6b6f8) thrown at [./src/hotspot/share/prims/jni.cpp, line 1362]
Event: 78.887 Thread 0x00000218b1131000 Exception <a 'java/lang/NoSuchMethodError'{0x0000000087b7e960}: <clinit>> (0x0000000087b7e960) thrown at [./src/hotspot/share/prims/jni.cpp, line 1362]
Event: 79.113 Thread 0x00000218b1923000 Exception <a 'java/lang/NoSuchMethodError'{0x0000000087f7ba60}: 'int java.lang.invoke.DirectMethodHandle$Holder.invokeSpecial(java.lang.Object, java.lang.Object, java.lang.Object, java.lang.Object, java.lang.Object)'> (0x0000000087f7ba60) thrown at [./src/hotspot/share/interpreter/linkResolver.cpp, line 773]
Event: 80.671 Thread 0x00000218b1135800 Exception <a 'java/lang/NoSuchMethodError'{0x0000000089395bd0}: 'void java.lang.invoke.DirectMethodHandle$Holder.invokeStatic(java.lang.Object, long)'> (0x0000000089395bd0) thrown at [./src/hotspot/share/interpreter/linkResolver.cpp, line 773]
Event: 80.672 Thread 0x00000218b1135800 Exception <a 'java/lang/NoSuchMethodError'{0x000000008939ade8}: 'java.lang.Object java.lang.invoke.DirectMethodHandle$Holder.invokeStatic(java.lang.Object, long)'> (0x000000008939ade8) thrown at [./src/hotspot/share/interpreter/linkResolver.cpp, line 773]
Event: 80.677 Thread 0x00000218b1135800 Exception <a 'java/lang/NoSuchMethodError'{0x00000000893a9150}: 'java.lang.Object java.lang.invoke.DirectMethodHandle$Holder.invokeStaticInit(java.lang.Object, java.lang.Object, long, java.lang.Object)'> (0x00000000893a9150) thrown at [./src/hotspot/share/interpreter/linkResolver.cpp, line 773]
Event: 80.678 Thread 0x00000218b1135800 Exception <a 'java/lang/NoSuchMethodError'{0x00000000893b21e8}: 'java.lang.Object java.lang.invoke.DirectMethodHandle$Holder.invokeStatic(java.lang.Object, java.lang.Object, long)'> (0x00000000893b21e8) thrown at [./src/hotspot/share/interpreter/linkResolver.cpp, line 773]
Event: 80.679 Thread 0x00000218b1135800 Exception <a 'java/lang/NoSuchMethodError'{0x00000000893b8760}: 'java.lang.Object java.lang.invoke.Invokers$Holder.linkToTargetMethod(java.lang.Object, long, java.lang.Object)'> (0x00000000893b8760) thrown at [./src/hotspot/share/interpreter/linkResolver.cpp, line 773]
Event: 81.140 Thread 0x00000218b1135800 Exception <a 'java/lang/NoSuchMethodError'{0x00000000892fdf50}: 'int java.lang.invoke.DirectMethodHandle$Holder.invokeSpecialIFC(java.lang.Object, java.lang.Object, java.lang.Object)'> (0x00000000892fdf50) thrown at [./src/hotspot/share/interpreter/linkResolver.cpp, line 773]
Event: 87.519 Thread 0x00000218b1135800 Exception <a 'sun/nio/fs/WindowsException'{0x0000000087cb1840}> (0x0000000087cb1840) thrown at [./src/hotspot/share/prims/jni.cpp, line 615]
Event: 87.524 Thread 0x00000218b1135800 Exception <a 'sun/nio/fs/WindowsException'{0x0000000087cd1a38}> (0x0000000087cd1a38) thrown at [./src/hotspot/share/prims/jni.cpp, line 615]
Event: 87.525 Thread 0x00000218b1135800 Exception <a 'sun/nio/fs/WindowsException'{0x0000000087cd1b20}> (0x0000000087cd1b20) thrown at [./src/hotspot/share/prims/jni.cpp, line 615]
Event: 87.687 Thread 0x00000218b1135800 Implicit null exception at 0x000002189e709878 to 0x000002189e7099f0
Event: 87.687 Thread 0x00000218b1135800 Implicit null exception at 0x000002189e707cde to 0x000002189e707e30
Event: 89.239 Thread 0x00000218b1131000 Implicit null exception at 0x000002189e514277 to 0x000002189e514400
Event: 89.252 Thread 0x00000218b1131000 Exception <a 'java/lang/NoSuchMethodError'{0x00000000897eaf20}: 'int java.lang.invoke.DirectMethodHandle$Holder.invokeVirtual(java.lang.Object, java.lang.Object, java.lang.Object)'> (0x00000000897eaf20) thrown at [./src/hotspot/share/interpreter/linkResolver.cpp, line 773]
Event: 90.140 Thread 0x00000218b1131000 Exception <a 'sun/nio/fs/WindowsException'{0x0000000088fbd3f0}> (0x0000000088fbd3f0) thrown at [./src/hotspot/share/prims/jni.cpp, line 615]
Event: 90.144 Thread 0x00000218b1131000 Exception <a 'java/lang/NoSuchMethodError'{0x0000000088fc9450}: 'java.lang.Object java.lang.invoke.Invokers$Holder.linkToTargetMethod(java.lang.Object, java.lang.Object, java.lang.Object, int, int, java.lang.Object)'> (0x0000000088fc9450) thrown at [./src/hotspot/share/interpreter/linkResolver.cpp, line 773]
Event: 91.032 Thread 0x00000218b1131000 Exception <a 'sun/nio/fs/WindowsException'{0x0000000087db51e0}> (0x0000000087db51e0) thrown at [./src/hotspot/share/prims/jni.cpp, line 615]
Event: 91.032 Thread 0x00000218b1131000 Exception <a 'sun/nio/fs/WindowsException'{0x0000000087db52e8}> (0x0000000087db52e8) thrown at [./src/hotspot/share/prims/jni.cpp, line 615]

Events (20 events):
Event: 90.894 loading class com/sun/tools/javac/main/Arguments$ErrorReporter done
Event: 90.895 loading class com/sun/tools/javac/resources/spi/javacProvider
Event: 90.895 loading class com/sun/tools/javac/resources/spi/javacProvider done
Event: 90.911 loading class jdk/internal/math/FloatingDecimal$HexFloatPattern
Event: 90.911 loading class jdk/internal/math/FloatingDecimal$HexFloatPattern done
Event: 90.932 loading class com/sun/tools/javac/parser/Tokens$TokenKind
Event: 90.932 loading class com/sun/tools/javac/parser/Tokens$TokenKind done
Event: 90.932 loading class com/sun/tools/javac/parser/Tokens$TokenKind
Event: 90.932 loading class com/sun/tools/javac/parser/Tokens$TokenKind done
Event: 90.932 loading class com/sun/tools/javac/util/Filter
Event: 90.932 loading class com/sun/tools/javac/util/Filter done
Event: 90.962 loading class com/sun/tools/javac/tree/JCTree
Event: 90.962 loading class com/sun/tools/javac/tree/JCTree done
Event: 90.962 loading class com/sun/tools/javac/tree/JCTree
Event: 90.962 loading class com/sun/tools/javac/tree/JCTree done
Event: 90.966 loading class com/sun/tools/javac/comp/Modules
Event: 90.966 loading class com/sun/tools/javac/comp/Modules done
Event: 90.967 loading class com/sun/tools/javac/code/Symbol$PackageSymbol
Event: 90.967 loading class com/sun/tools/javac/code/Symbol$PackageSymbol done
Event: 91.067 Executing VM operation: G1CollectForAllocation


Dynamic libraries:
0x00007ff66afe0000 - 0x00007ff66afea000 	C:\Program Files\Android\Android Studio\jre\bin\java.exe
0x00007ffae6230000 - 0x00007ffae6425000 	C:\WINDOWS\SYSTEM32\ntdll.dll
0x00007ffab6500000 - 0x00007ffab6516000 	C:\Program Files\AVAST Software\Avast\aswhook.dll
0x00007ffae5ba0000 - 0x00007ffae5c5e000 	C:\WINDOWS\System32\KERNEL32.DLL
0x00007ffae3c50000 - 0x00007ffae3f18000 	C:\WINDOWS\System32\KERNELBASE.dll
0x00007ffae39c0000 - 0x00007ffae3ac0000 	C:\WINDOWS\System32\ucrtbase.dll
0x00007ffaab090000 - 0x00007ffaab0a7000 	C:\Program Files\Android\Android Studio\jre\bin\VCRUNTIME140.dll
0x00007ffa6a730000 - 0x00007ffa6a749000 	C:\Program Files\Android\Android Studio\jre\bin\jli.dll
0x00007ffae5940000 - 0x00007ffae5ae0000 	C:\WINDOWS\System32\USER32.dll
0x00007ffad1420000 - 0x00007ffad16ba000 	C:\WINDOWS\WinSxS\amd64_microsoft.windows.common-controls_6595b64144ccf1df_6.0.19041.1110_none_60b5254171f9507e\COMCTL32.dll
0x00007ffae3ac0000 - 0x00007ffae3ae2000 	C:\WINDOWS\System32\win32u.dll
0x00007ffae5630000 - 0x00007ffae56ce000 	C:\WINDOWS\System32\msvcrt.dll
0x00007ffae4fd0000 - 0x00007ffae4ffb000 	C:\WINDOWS\System32\GDI32.dll
0x00007ffae3b40000 - 0x00007ffae3c4b000 	C:\WINDOWS\System32\gdi32full.dll
0x00007ffae3f20000 - 0x00007ffae3fbd000 	C:\WINDOWS\System32\msvcp_win.dll
0x00007ffae57b0000 - 0x00007ffae57e0000 	C:\WINDOWS\System32\IMM32.DLL
0x00007ffa417e0000 - 0x00007ffa4187d000 	C:\Program Files\Android\Android Studio\jre\bin\msvcp140.dll
0x00007ffaa7130000 - 0x00007ffaa7c05000 	C:\Program Files\Android\Android Studio\jre\bin\server\jvm.dll
0x00007ffae5150000 - 0x00007ffae51fe000 	C:\WINDOWS\System32\ADVAPI32.dll
0x00007ffae57e0000 - 0x00007ffae587c000 	C:\WINDOWS\System32\sechost.dll
0x00007ffae5220000 - 0x00007ffae5345000 	C:\WINDOWS\System32\RPCRT4.dll
0x00007ffae53c0000 - 0x00007ffae53c8000 	C:\WINDOWS\System32\PSAPI.DLL
0x00007ffad02a0000 - 0x00007ffad02c7000 	C:\WINDOWS\SYSTEM32\WINMM.dll
0x00007ffadcfa0000 - 0x00007ffadcfaa000 	C:\WINDOWS\SYSTEM32\VERSION.dll
0x00007ffad2060000 - 0x00007ffad2069000 	C:\WINDOWS\SYSTEM32\WSOCK32.dll
0x00007ffae5350000 - 0x00007ffae53bb000 	C:\WINDOWS\System32\WS2_32.dll
0x00007ffae21f0000 - 0x00007ffae2202000 	C:\WINDOWS\SYSTEM32\kernel.appcore.dll
0x00007ffad0310000 - 0x00007ffad0321000 	C:\Program Files\Android\Android Studio\jre\bin\verify.dll
0x00007ffae1f00000 - 0x00007ffae20e4000 	C:\WINDOWS\SYSTEM32\DBGHELP.DLL
0x00007ffad7ee0000 - 0x00007ffad7f0c000 	C:\WINDOWS\SYSTEM32\dbgcore.DLL
0x00007ffae3ff0000 - 0x00007ffae4072000 	C:\WINDOWS\System32\bcryptPrimitives.dll
0x00007ffacbfe0000 - 0x00007ffacc009000 	C:\Program Files\Android\Android Studio\jre\bin\java.dll
0x00007ffada4f0000 - 0x00007ffada4fb000 	C:\Program Files\Android\Android Studio\jre\bin\jimage.dll
0x00007ffac9e90000 - 0x00007ffac9ea8000 	C:\Program Files\Android\Android Studio\jre\bin\zip.dll
0x00007ffae43b0000 - 0x00007ffae4af4000 	C:\WINDOWS\System32\SHELL32.dll
0x00007ffae1690000 - 0x00007ffae1e24000 	C:\WINDOWS\SYSTEM32\windows.storage.dll
0x00007ffae5e90000 - 0x00007ffae61e4000 	C:\WINDOWS\System32\combase.dll
0x00007ffae33b0000 - 0x00007ffae33dc000 	C:\WINDOWS\SYSTEM32\Wldp.dll
0x00007ffae5af0000 - 0x00007ffae5b9d000 	C:\WINDOWS\System32\SHCORE.dll
0x00007ffae5000000 - 0x00007ffae5055000 	C:\WINDOWS\System32\shlwapi.dll
0x00007ffae3890000 - 0x00007ffae38af000 	C:\WINDOWS\SYSTEM32\profapi.dll
0x00007ffac9980000 - 0x00007ffac999a000 	C:\Program Files\Android\Android Studio\jre\bin\net.dll
0x00007ffada3e0000 - 0x00007ffada4e9000 	C:\WINDOWS\SYSTEM32\WINHTTP.dll
0x00007ffae3110000 - 0x00007ffae317a000 	C:\WINDOWS\system32\mswsock.dll
0x00007ffac92b0000 - 0x00007ffac92c4000 	C:\Program Files\Android\Android Studio\jre\bin\nio.dll
0x00007ffabafe0000 - 0x00007ffabb007000 	C:\Users\SWishHy\.gradle\native\e1d6ef7f7dcc3fd88c89a11ec53ec762bb8ba0a96d01ffa2cd45eb1d1d8dd5c5\windows-amd64\native-platform.dll
0x00007ffa41510000 - 0x00007ffa41654000 	C:\Users\SWishHy\.gradle\native\5664cfc778a61ccfe75a443a1ab52a65af34e5dc3c78e0209fed803814484fcb\windows-amd64\native-platform-file-events.dll
0x00007ffad2ff0000 - 0x00007ffad2ffa000 	C:\Program Files\Android\Android Studio\jre\bin\management.dll
0x00007ffad09d0000 - 0x00007ffad09dd000 	C:\Program Files\Android\Android Studio\jre\bin\management_ext.dll
0x00007ffae3310000 - 0x00007ffae3328000 	C:\WINDOWS\SYSTEM32\CRYPTSP.dll
0x00007ffae2a20000 - 0x00007ffae2a54000 	C:\WINDOWS\system32\rsaenh.dll
0x00007ffae3fc0000 - 0x00007ffae3fe7000 	C:\WINDOWS\System32\bcrypt.dll
0x00007ffae3810000 - 0x00007ffae383e000 	C:\WINDOWS\SYSTEM32\USERENV.dll
0x00007ffae3300000 - 0x00007ffae330c000 	C:\WINDOWS\SYSTEM32\CRYPTBASE.dll
0x00007ffae2db0000 - 0x00007ffae2deb000 	C:\WINDOWS\SYSTEM32\IPHLPAPI.DLL
0x00007ffae5ae0000 - 0x00007ffae5ae8000 	C:\WINDOWS\System32\NSI.dll
0x00007ffadbdf0000 - 0x00007ffadbe07000 	C:\WINDOWS\SYSTEM32\dhcpcsvc6.DLL
0x00007ffadbb40000 - 0x00007ffadbb5d000 	C:\WINDOWS\SYSTEM32\dhcpcsvc.DLL
0x00007ffae2e00000 - 0x00007ffae2eca000 	C:\WINDOWS\SYSTEM32\DNSAPI.dll
0x00007ffae2650000 - 0x00007ffae2683000 	C:\WINDOWS\SYSTEM32\ntmarta.dll

dbghelp: loaded successfully - version: 4.0.5 - missing functions: none
symbol engine: initialized successfully - sym options: 0x614 - pdb path: .;C:\Program Files\Android\Android Studio\jre\bin;C:\WINDOWS\SYSTEM32;C:\Program Files\AVAST Software\Avast;C:\WINDOWS\WinSxS\amd64_microsoft.windows.common-controls_6595b64144ccf1df_6.0.19041.1110_none_60b5254171f9507e;C:\Program Files\Android\Android Studio\jre\bin\server;C:\Users\SWishHy\.gradle\native\e1d6ef7f7dcc3fd88c89a11ec53ec762bb8ba0a96d01ffa2cd45eb1d1d8dd5c5\windows-amd64;C:\Users\SWishHy\.gradle\native\5664cfc778a61ccfe75a443a1ab52a65af34e5dc3c78e0209fed803814484fcb\windows-amd64

VM Arguments:
jvm_args: --add-opens=java.base/java.util=ALL-UNNAMED --add-opens=java.base/java.lang=ALL-UNNAMED --add-opens=java.base/java.lang.invoke=ALL-UNNAMED --add-opens=java.base/java.util=ALL-UNNAMED --add-opens=java.prefs/java.util.prefs=ALL-UNNAMED --add-opens=java.prefs/java.util.prefs=ALL-UNNAMED --add-opens=java.base/java.nio.charset=ALL-UNNAMED --add-opens=java.base/java.net=ALL-UNNAMED --add-opens=java.base/java.util.concurrent.atomic=ALL-UNNAMED -Xmx2048m -Dfile.encoding=UTF-8 -Duser.country=US -Duser.language=en -Duser.variant 
java_command: org.gradle.launcher.daemon.bootstrap.GradleDaemon 7.2
java_class_path (initial): C:\Users\SWishHy\.gradle\wrapper\dists\gradle-7.2-bin\2dnblmf4td7x66yl1d74lt32g\gradle-7.2\lib\gradle-launcher-7.2.jar
Launcher Type: SUN_STANDARD

[Global flags]
     intx CICompilerCount                          = 4                                         {product} {ergonomic}
     uint ConcGCThreads                            = 2                                         {product} {ergonomic}
     uint G1ConcRefinementThreads                  = 8                                         {product} {ergonomic}
   size_t G1HeapRegionSize                         = 1048576                                   {product} {ergonomic}
    uintx GCDrainStackTargetSize                   = 64                                        {product} {ergonomic}
   size_t InitialHeapSize                          = 134217728                                 {product} {ergonomic}
   size_t MarkStackSize                            = 4194304                                   {product} {ergonomic}
   size_t MaxHeapSize                              = 2147483648                                {product} {command line}
   size_t MaxNewSize                               = 1287651328                                {product} {ergonomic}
   size_t MinHeapDeltaBytes                        = 1048576                                   {product} {ergonomic}
    uintx NonNMethodCodeHeapSize                   = 5836300                                {pd product} {ergonomic}
    uintx NonProfiledCodeHeapSize                  = 122910970                              {pd product} {ergonomic}
    uintx ProfiledCodeHeapSize                     = 122910970                              {pd product} {ergonomic}
    uintx ReservedCodeCacheSize                    = 251658240                              {pd product} {ergonomic}
     bool SegmentedCodeCache                       = true                                      {product} {ergonomic}
     bool UseCompressedClassPointers               = true                                 {lp64_product} {ergonomic}
     bool UseCompressedOops                        = true                                 {lp64_product} {ergonomic}
     bool UseG1GC                                  = true                                      {product} {ergonomic}
     bool UseLargePagesIndividualAllocation        = false                                  {pd product} {ergonomic}

Logging:
Log output configuration:
 #0: stdout all=warning uptime,level,tags
 #1: stderr all=off uptime,level,tags

Environment Variables:
PATH=C:\Program Files (x86)\VMware\VMware Player\bin\;C:\WINDOWS\system32;C:\WINDOWS;C:\WINDOWS\System32\Wbem;C:\WINDOWS\System32\WindowsPowerShell\v1.0\;C:\WINDOWS\System32\OpenSSH\;C:\Program Files\dotnet\;C:\Program Files\Git\cmd;C:\Users\SWishHy\AppData\Local\Microsoft\WindowsApps;
USERNAME=Irtiza Khalid
OS=Windows_NT
PROCESSOR_IDENTIFIER=Intel64 Family 6 Model 142 Stepping 10, GenuineIntel



---------------  S Y S T E M  ---------------

OS: Windows 10 , 64 bit Build 19041 (10.0.19041.1566)
OS uptime: 0 days 16:27 hours

CPU:total 8 (initial active 8) (4 cores per cpu, 2 threads per core) family 6 model 142 stepping 10 microcode 0xec, cmov, cx8, fxsr, mmx, sse, sse2, sse3, ssse3, sse4.1, sse4.2, popcnt, avx, avx2, aes, clmul, erms, 3dnowpref, lzcnt, ht, tsc, tscinvbit, bmi1, bmi2, adx, fma

Memory: 4k page, system-wide physical 8091M (350M free)
TotalPageFile size 12187M (AvailPageFile size 9M)
current process WorkingSet (physical memory assigned to process): 402M, peak: 403M
current process commit charge ("private bytes"): 459M, peak: 491M

vm_info: OpenJDK 64-Bit Server VM (11.0.11+9-b60-7590822) for windows-amd64 JRE (11.0.11+9-b60-7590822), built on Jul 29 2021 21:43:44 by "builder" with MS VC++ 14.0 (VS2015)

END.
